{"numTotalTestSuites":126,"numPassedTestSuites":67,"numFailedTestSuites":59,"numPendingTestSuites":0,"numTotalTests":305,"numPassedTests":187,"numFailedTests":118,"numPendingTests":0,"numTodoTests":0,"snapshot":{"added":0,"failure":false,"filesAdded":0,"filesRemoved":0,"filesRemovedList":[],"filesUnmatched":0,"filesUpdated":0,"matched":0,"total":0,"unchecked":0,"uncheckedKeysByFile":[],"unmatched":0,"updated":0,"didUpdate":false},"startTime":1753258322949,"success":false,"testResults":[{"assertionResults":[{"ancestorTitles":["AccessibilityManager","initialization"],"fullName":"AccessibilityManager initialization should load default settings when no saved settings exist","status":"passed","title":"should load default settings when no saved settings exist","duration":7.079750000000331,"failureMessages":[],"meta":{}},{"ancestorTitles":["AccessibilityManager","initialization"],"fullName":"AccessibilityManager initialization should load saved settings from localStorage","status":"passed","title":"should load saved settings from localStorage","duration":2.7122919999997066,"failureMessages":[],"meta":{}},{"ancestorTitles":["AccessibilityManager","initialization"],"fullName":"AccessibilityManager initialization should set up keyboard listeners","status":"passed","title":"should set up keyboard listeners","duration":2.934417000000394,"failureMessages":[],"meta":{}},{"ancestorTitles":["AccessibilityManager","settings management"],"fullName":"AccessibilityManager settings management should update individual settings","status":"passed","title":"should update individual settings","duration":3.075749999999971,"failureMessages":[],"meta":{}},{"ancestorTitles":["AccessibilityManager","settings management"],"fullName":"AccessibilityManager settings management should save settings to localStorage when updated","status":"passed","title":"should save settings to localStorage when updated","duration":2.8687909999998737,"failureMessages":[],"meta":{}},{"ancestorTitles":["AccessibilityManager","settings management"],"fullName":"AccessibilityManager settings management should apply color blind filter when mode changes","status":"failed","title":"should apply color blind filter when mode changes","duration":24.668958000000202,"failureMessages":["ReferenceError: Phaser is not defined\n    at /Users/jeremywatt/Desktop/stairway-sprint/src/managers/__tests__/AccessibilityManager.test.ts:123:56\n    at file:///Users/jeremywatt/Desktop/stairway-sprint/node_modules/@vitest/runner/dist/chunk-hooks.js:155:11\n    at file:///Users/jeremywatt/Desktop/stairway-sprint/node_modules/@vitest/runner/dist/chunk-hooks.js:752:26\n    at file:///Users/jeremywatt/Desktop/stairway-sprint/node_modules/@vitest/runner/dist/chunk-hooks.js:1897:20\n    at new Promise (<anonymous>)\n    at runWithTimeout (file:///Users/jeremywatt/Desktop/stairway-sprint/node_modules/@vitest/runner/dist/chunk-hooks.js:1863:10)\n    at runTest (file:///Users/jeremywatt/Desktop/stairway-sprint/node_modules/@vitest/runner/dist/chunk-hooks.js:1574:12)\n    at processTicksAndRejections (node:internal/process/task_queues:105:5)\n    at runSuite (file:///Users/jeremywatt/Desktop/stairway-sprint/node_modules/@vitest/runner/dist/chunk-hooks.js:1729:8)\n    at runSuite (file:///Users/jeremywatt/Desktop/stairway-sprint/node_modules/@vitest/runner/dist/chunk-hooks.js:1729:8)"],"meta":{}},{"ancestorTitles":["AccessibilityManager","settings management"],"fullName":"AccessibilityManager settings management should remove color blind filter when set to NONE","status":"passed","title":"should remove color blind filter when set to NONE","duration":4.928041000000121,"failureMessages":[],"meta":{}},{"ancestorTitles":["AccessibilityManager","settings management"],"fullName":"AccessibilityManager settings management should apply high contrast immediately when enabled","status":"passed","title":"should apply high contrast immediately when enabled","duration":1.1166669999997794,"failureMessages":[],"meta":{}},{"ancestorTitles":["AccessibilityManager","focusable elements"],"fullName":"AccessibilityManager focusable elements should register focusable elements","status":"passed","title":"should register focusable elements","duration":3.35870900000009,"failureMessages":[],"meta":{}},{"ancestorTitles":["AccessibilityManager","focusable elements"],"fullName":"AccessibilityManager focusable elements should not register same element twice","status":"passed","title":"should not register same element twice","duration":2.4311250000000655,"failureMessages":[],"meta":{}},{"ancestorTitles":["AccessibilityManager","focusable elements"],"fullName":"AccessibilityManager focusable elements should unregister focusable elements","status":"passed","title":"should unregister focusable elements","duration":2.261041999999634,"failureMessages":[],"meta":{}},{"ancestorTitles":["AccessibilityManager","focusable elements"],"fullName":"AccessibilityManager focusable elements should clear all focusable elements","status":"passed","title":"should clear all focusable elements","duration":17.988250000000335,"failureMessages":[],"meta":{}},{"ancestorTitles":["AccessibilityManager","keyboard navigation"],"fullName":"AccessibilityManager keyboard navigation should focus next element on TAB","status":"passed","title":"should focus next element on TAB","duration":12.37170900000001,"failureMessages":[],"meta":{}},{"ancestorTitles":["AccessibilityManager","keyboard navigation"],"fullName":"AccessibilityManager keyboard navigation should focus previous element on SHIFT+TAB","status":"passed","title":"should focus previous element on SHIFT+TAB","duration":2.6847499999998945,"failureMessages":[],"meta":{}},{"ancestorTitles":["AccessibilityManager","keyboard navigation"],"fullName":"AccessibilityManager keyboard navigation should focus next on DOWN arrow","status":"passed","title":"should focus next on DOWN arrow","duration":4.335750000000189,"failureMessages":[],"meta":{}},{"ancestorTitles":["AccessibilityManager","keyboard navigation"],"fullName":"AccessibilityManager keyboard navigation should focus previous on UP arrow","status":"passed","title":"should focus previous on UP arrow","duration":3.957832999999937,"failureMessages":[],"meta":{}},{"ancestorTitles":["AccessibilityManager","keyboard navigation"],"fullName":"AccessibilityManager keyboard navigation should activate focused element on ENTER","status":"passed","title":"should activate focused element on ENTER","duration":9.449417000000267,"failureMessages":[],"meta":{}},{"ancestorTitles":["AccessibilityManager","keyboard navigation"],"fullName":"AccessibilityManager keyboard navigation should not navigate when keyboard nav is disabled","status":"passed","title":"should not navigate when keyboard nav is disabled","duration":21.871000000000095,"failureMessages":[],"meta":{}},{"ancestorTitles":["AccessibilityManager","UI sounds"],"fullName":"AccessibilityManager UI sounds should play UI sound with adjusted volume","status":"passed","title":"should play UI sound with adjusted volume","duration":2.492290999999568,"failureMessages":[],"meta":{}},{"ancestorTitles":["AccessibilityManager","UI sounds"],"fullName":"AccessibilityManager UI sounds should not play sound if sound not found","status":"passed","title":"should not play sound if sound not found","duration":1.713083000000097,"failureMessages":[],"meta":{}},{"ancestorTitles":["AccessibilityManager","screen reader support"],"fullName":"AccessibilityManager screen reader support should not create ARIA live region when screen reader mode is off","status":"passed","title":"should not create ARIA live region when screen reader mode is off","duration":9.834916999999678,"failureMessages":[],"meta":{}},{"ancestorTitles":["AccessibilityManager","screen reader support"],"fullName":"AccessibilityManager screen reader support should create ARIA live region when screen reader mode is on","status":"passed","title":"should create ARIA live region when screen reader mode is on","duration":24.820500000000266,"failureMessages":[],"meta":{}},{"ancestorTitles":["AccessibilityManager","screen reader support"],"fullName":"AccessibilityManager screen reader support should announce text content for focused text elements","status":"passed","title":"should announce text content for focused text elements","duration":141.5099580000001,"failureMessages":[],"meta":{}},{"ancestorTitles":["AccessibilityManager","screen reader support"],"fullName":"AccessibilityManager screen reader support should use custom accessibility label if available","status":"passed","title":"should use custom accessibility label if available","duration":9.889832999999726,"failureMessages":[],"meta":{}},{"ancestorTitles":["AccessibilityManager","contrast checking"],"fullName":"AccessibilityManager contrast checking should check contrast ratio between colors","status":"passed","title":"should check contrast ratio between colors","duration":30.407916999999998,"failureMessages":[],"meta":{}},{"ancestorTitles":["AccessibilityManager","contrast checking"],"fullName":"AccessibilityManager contrast checking should calculate correct contrast ratios","status":"passed","title":"should calculate correct contrast ratios","duration":12.881917000000158,"failureMessages":[],"meta":{}},{"ancestorTitles":["AccessibilityManager","cleanup"],"fullName":"AccessibilityManager cleanup should clean up all resources on destroy","status":"passed","title":"should clean up all resources on destroy","duration":9.88333300000022,"failureMessages":[],"meta":{}},{"ancestorTitles":["AccessibilityManager","cleanup"],"fullName":"AccessibilityManager cleanup should clear all focusable elements on destroy","status":"passed","title":"should clear all focusable elements on destroy","duration":24.08220799999981,"failureMessages":[],"meta":{}},{"ancestorTitles":["AccessibilityManager","color blind modes"],"fullName":"AccessibilityManager color blind modes should apply protanopia filter","status":"failed","title":"should apply protanopia filter","duration":180.04700000000003,"failureMessages":["AssertionError: expected \"spy\" to be called with arguments: [ 16764108, 0.3 ]\u001b[90m\n\nNumber of calls: \u001b[1m0\u001b[22m\n\u001b[39m\n    at Proxy.<anonymous> (file:///Users/jeremywatt/Desktop/stairway-sprint/node_modules/@vitest/expect/dist/index.js:1355:10)\n    at Proxy.<anonymous> (file:///Users/jeremywatt/Desktop/stairway-sprint/node_modules/@vitest/expect/dist/index.js:1029:14)\n    at Proxy.methodWrapper (file:///Users/jeremywatt/Desktop/stairway-sprint/node_modules/chai/chai.js:1706:25)\n    at /Users/jeremywatt/Desktop/stairway-sprint/src/managers/__tests__/AccessibilityManager.test.ts:460:35\n    at file:///Users/jeremywatt/Desktop/stairway-sprint/node_modules/@vitest/runner/dist/chunk-hooks.js:155:11\n    at file:///Users/jeremywatt/Desktop/stairway-sprint/node_modules/@vitest/runner/dist/chunk-hooks.js:752:26\n    at file:///Users/jeremywatt/Desktop/stairway-sprint/node_modules/@vitest/runner/dist/chunk-hooks.js:1897:20\n    at new Promise (<anonymous>)\n    at runWithTimeout (file:///Users/jeremywatt/Desktop/stairway-sprint/node_modules/@vitest/runner/dist/chunk-hooks.js:1863:10)\n    at runTest (file:///Users/jeremywatt/Desktop/stairway-sprint/node_modules/@vitest/runner/dist/chunk-hooks.js:1574:12)"],"meta":{}},{"ancestorTitles":["AccessibilityManager","color blind modes"],"fullName":"AccessibilityManager color blind modes should apply deuteranopia filter","status":"failed","title":"should apply deuteranopia filter","duration":49.480833000000075,"failureMessages":["AssertionError: expected \"spy\" to be called with arguments: [ 13434828, 0.3 ]\u001b[90m\n\nNumber of calls: \u001b[1m0\u001b[22m\n\u001b[39m\n    at Proxy.<anonymous> (file:///Users/jeremywatt/Desktop/stairway-sprint/node_modules/@vitest/expect/dist/index.js:1355:10)\n    at Proxy.<anonymous> (file:///Users/jeremywatt/Desktop/stairway-sprint/node_modules/@vitest/expect/dist/index.js:1029:14)\n    at Proxy.methodWrapper (file:///Users/jeremywatt/Desktop/stairway-sprint/node_modules/chai/chai.js:1706:25)\n    at /Users/jeremywatt/Desktop/stairway-sprint/src/managers/__tests__/AccessibilityManager.test.ts:467:35\n    at file:///Users/jeremywatt/Desktop/stairway-sprint/node_modules/@vitest/runner/dist/chunk-hooks.js:155:11\n    at file:///Users/jeremywatt/Desktop/stairway-sprint/node_modules/@vitest/runner/dist/chunk-hooks.js:752:26\n    at file:///Users/jeremywatt/Desktop/stairway-sprint/node_modules/@vitest/runner/dist/chunk-hooks.js:1897:20\n    at new Promise (<anonymous>)\n    at runWithTimeout (file:///Users/jeremywatt/Desktop/stairway-sprint/node_modules/@vitest/runner/dist/chunk-hooks.js:1863:10)\n    at runTest (file:///Users/jeremywatt/Desktop/stairway-sprint/node_modules/@vitest/runner/dist/chunk-hooks.js:1574:12)"],"meta":{}},{"ancestorTitles":["AccessibilityManager","color blind modes"],"fullName":"AccessibilityManager color blind modes should apply tritanopia filter","status":"failed","title":"should apply tritanopia filter","duration":53.301124999999956,"failureMessages":["AssertionError: expected \"spy\" to be called with arguments: [ 13421823, 0.3 ]\u001b[90m\n\nNumber of calls: \u001b[1m0\u001b[22m\n\u001b[39m\n    at Proxy.<anonymous> (file:///Users/jeremywatt/Desktop/stairway-sprint/node_modules/@vitest/expect/dist/index.js:1355:10)\n    at Proxy.<anonymous> (file:///Users/jeremywatt/Desktop/stairway-sprint/node_modules/@vitest/expect/dist/index.js:1029:14)\n    at Proxy.methodWrapper (file:///Users/jeremywatt/Desktop/stairway-sprint/node_modules/chai/chai.js:1706:25)\n    at /Users/jeremywatt/Desktop/stairway-sprint/src/managers/__tests__/AccessibilityManager.test.ts:474:35\n    at file:///Users/jeremywatt/Desktop/stairway-sprint/node_modules/@vitest/runner/dist/chunk-hooks.js:155:11\n    at file:///Users/jeremywatt/Desktop/stairway-sprint/node_modules/@vitest/runner/dist/chunk-hooks.js:752:26\n    at file:///Users/jeremywatt/Desktop/stairway-sprint/node_modules/@vitest/runner/dist/chunk-hooks.js:1897:20\n    at new Promise (<anonymous>)\n    at runWithTimeout (file:///Users/jeremywatt/Desktop/stairway-sprint/node_modules/@vitest/runner/dist/chunk-hooks.js:1863:10)\n    at runTest (file:///Users/jeremywatt/Desktop/stairway-sprint/node_modules/@vitest/runner/dist/chunk-hooks.js:1574:12)"],"meta":{}}],"startTime":1753258325891,"endTime":1753258326572.301,"status":"failed","message":"","name":"/Users/jeremywatt/Desktop/stairway-sprint/src/managers/__tests__/AccessibilityManager.test.ts"},{"assertionResults":[{"ancestorTitles":["CollisionManager","initialization"],"fullName":"CollisionManager initialization should initialize with proper state","status":"passed","title":"should initialize with proper state","duration":3.282333000000108,"failureMessages":[],"meta":{}},{"ancestorTitles":["CollisionManager","initialization"],"fullName":"CollisionManager initialization should set effects manager correctly","status":"passed","title":"should set effects manager correctly","duration":1.659125000000131,"failureMessages":[],"meta":{}},{"ancestorTitles":["CollisionManager","collision setup"],"fullName":"CollisionManager collision setup should set up all collision types","status":"passed","title":"should set up all collision types","duration":1.4490410000003067,"failureMessages":[],"meta":{}},{"ancestorTitles":["CollisionManager","enable/disable functionality"],"fullName":"CollisionManager enable/disable functionality should disable collision detection","status":"passed","title":"should disable collision detection","duration":0.7795840000003409,"failureMessages":[],"meta":{}},{"ancestorTitles":["CollisionManager","enable/disable functionality"],"fullName":"CollisionManager enable/disable functionality should enable collision detection","status":"passed","title":"should enable collision detection","duration":5.231917000000067,"failureMessages":[],"meta":{}},{"ancestorTitles":["CollisionManager","spatial partitioning"],"fullName":"CollisionManager spatial partitioning should update spatial partitioning with entities","status":"passed","title":"should update spatial partitioning with entities","duration":4.0927090000000135,"failureMessages":[],"meta":{}},{"ancestorTitles":["CollisionManager","spatial partitioning"],"fullName":"CollisionManager spatial partitioning should calculate vertical zones correctly","status":"passed","title":"should calculate vertical zones correctly","duration":1.086833000000297,"failureMessages":[],"meta":{}},{"ancestorTitles":["CollisionManager","spatial partitioning"],"fullName":"CollisionManager spatial partitioning should check if entity is in player zone","status":"passed","title":"should check if entity is in player zone","duration":2.3638750000000073,"failureMessages":[],"meta":{}},{"ancestorTitles":["CollisionManager","performance tracking"],"fullName":"CollisionManager performance tracking should track collision checks per frame","status":"passed","title":"should track collision checks per frame","duration":10.052166000000398,"failureMessages":[],"meta":{}},{"ancestorTitles":["CollisionManager","performance tracking"],"fullName":"CollisionManager performance tracking should reset frame stats correctly","status":"passed","title":"should reset frame stats correctly","duration":2.660041999999976,"failureMessages":[],"meta":{}},{"ancestorTitles":["CollisionManager","performance tracking"],"fullName":"CollisionManager performance tracking should calculate performance improvement","status":"passed","title":"should calculate performance improvement","duration":4.566792000000078,"failureMessages":[],"meta":{}},{"ancestorTitles":["CollisionManager","performance tracking"],"fullName":"CollisionManager performance tracking should maintain performance history","status":"passed","title":"should maintain performance history","duration":18.596292000000176,"failureMessages":[],"meta":{}},{"ancestorTitles":["CollisionManager","debug mode"],"fullName":"CollisionManager debug mode should toggle debug mode","status":"passed","title":"should toggle debug mode","duration":2.4170420000000377,"failureMessages":[],"meta":{}},{"ancestorTitles":["CollisionManager","collision event emission"],"fullName":"CollisionManager collision event emission should emit strollerRescued event","status":"passed","title":"should emit strollerRescued event","duration":4.04320800000005,"failureMessages":[],"meta":{}},{"ancestorTitles":["CollisionManager","collision event emission"],"fullName":"CollisionManager collision event emission should emit hazardHit event","status":"passed","title":"should emit hazardHit event","duration":7.722332999999708,"failureMessages":[],"meta":{}},{"ancestorTitles":["CollisionManager","collision event emission"],"fullName":"CollisionManager collision event emission should emit vipProtected event","status":"passed","title":"should emit vipProtected event","duration":3.7790829999999005,"failureMessages":[],"meta":{}},{"ancestorTitles":["CollisionManager","collision event emission"],"fullName":"CollisionManager collision event emission should emit assassinEliminated event","status":"passed","title":"should emit assassinEliminated event","duration":5.4094169999998485,"failureMessages":[],"meta":{}},{"ancestorTitles":["CollisionManager","cleanup"],"fullName":"CollisionManager cleanup should destroy properly","status":"passed","title":"should destroy properly","duration":2.9684579999998277,"failureMessages":[],"meta":{}}],"startTime":1753258329825,"endTime":1753258329907.9685,"status":"passed","message":"","name":"/Users/jeremywatt/Desktop/stairway-sprint/src/managers/__tests__/CollisionManager.test.ts"},{"assertionResults":[{"ancestorTitles":["DifficultyManager","initialization"],"fullName":"DifficultyManager initialization should initialize with EASY difficulty","status":"passed","title":"should initialize with EASY difficulty","duration":3.4912920000001577,"failureMessages":[],"meta":{}},{"ancestorTitles":["DifficultyManager","initialization"],"fullName":"DifficultyManager initialization should set up timers for difficulty checks","status":"passed","title":"should set up timers for difficulty checks","duration":3.8421250000001237,"failureMessages":[],"meta":{}},{"ancestorTitles":["DifficultyManager","initialization"],"fullName":"DifficultyManager initialization should set up event listeners","status":"passed","title":"should set up event listeners","duration":18.461375000000317,"failureMessages":[],"meta":{}},{"ancestorTitles":["DifficultyManager","time-based difficulty progression"],"fullName":"DifficultyManager time-based difficulty progression should increase difficulty to MEDIUM after 30 seconds","status":"passed","title":"should increase difficulty to MEDIUM after 30 seconds","duration":8.304375000000164,"failureMessages":[],"meta":{}},{"ancestorTitles":["DifficultyManager","time-based difficulty progression"],"fullName":"DifficultyManager time-based difficulty progression should increase difficulty to HARD after 60 seconds","status":"passed","title":"should increase difficulty to HARD after 60 seconds","duration":8.102624999999989,"failureMessages":[],"meta":{}},{"ancestorTitles":["DifficultyManager","time-based difficulty progression"],"fullName":"DifficultyManager time-based difficulty progression should increase difficulty to NIGHTMARE after 120 seconds","status":"passed","title":"should increase difficulty to NIGHTMARE after 120 seconds","duration":2.47854099999995,"failureMessages":[],"meta":{}},{"ancestorTitles":["DifficultyManager","score-based difficulty progression"],"fullName":"DifficultyManager score-based difficulty progression should increase difficulty to MEDIUM at 10 points","status":"passed","title":"should increase difficulty to MEDIUM at 10 points","duration":4.679041000000325,"failureMessages":[],"meta":{}},{"ancestorTitles":["DifficultyManager","score-based difficulty progression"],"fullName":"DifficultyManager score-based difficulty progression should increase difficulty to HARD at 25 points","status":"passed","title":"should increase difficulty to HARD at 25 points","duration":2.4909999999999854,"failureMessages":[],"meta":{}},{"ancestorTitles":["DifficultyManager","score-based difficulty progression"],"fullName":"DifficultyManager score-based difficulty progression should increase difficulty to NIGHTMARE at 50 points","status":"passed","title":"should increase difficulty to NIGHTMARE at 50 points","duration":4.139999999999873,"failureMessages":[],"meta":{}},{"ancestorTitles":["DifficultyManager","score-based difficulty progression"],"fullName":"DifficultyManager score-based difficulty progression should not decrease difficulty if score-based is higher than time-based","status":"passed","title":"should not decrease difficulty if score-based is higher than time-based","duration":36.41229199999998,"failureMessages":[],"meta":{}},{"ancestorTitles":["DifficultyManager","difficulty configuration"],"fullName":"DifficultyManager difficulty configuration should return correct configuration for each difficulty level","status":"passed","title":"should return correct configuration for each difficulty level","duration":5.18941599999971,"failureMessages":[],"meta":{}},{"ancestorTitles":["DifficultyManager","difficulty configuration"],"fullName":"DifficultyManager difficulty configuration should return correct multipliers","status":"passed","title":"should return correct multipliers","duration":5.279167000000143,"failureMessages":[],"meta":{}},{"ancestorTitles":["DifficultyManager","visual and audio feedback"],"fullName":"DifficultyManager visual and audio feedback should trigger visual effects on difficulty change","status":"passed","title":"should trigger visual effects on difficulty change","duration":5.809665999999652,"failureMessages":[],"meta":{}},{"ancestorTitles":["DifficultyManager","visual and audio feedback"],"fullName":"DifficultyManager visual and audio feedback should trigger screen shake for nightmare mode","status":"passed","title":"should trigger screen shake for nightmare mode","duration":6.710625000000164,"failureMessages":[],"meta":{}},{"ancestorTitles":["DifficultyManager","visual and audio feedback"],"fullName":"DifficultyManager visual and audio feedback should play audio feedback on difficulty increase","status":"passed","title":"should play audio feedback on difficulty increase","duration":11.890959000000294,"failureMessages":[],"meta":{}},{"ancestorTitles":["DifficultyManager","adaptive difficulty"],"fullName":"DifficultyManager adaptive difficulty should track lives lost","status":"passed","title":"should track lives lost","duration":7.122749999999996,"failureMessages":[],"meta":{}},{"ancestorTitles":["DifficultyManager","adaptive difficulty"],"fullName":"DifficultyManager adaptive difficulty should track score gain rate","status":"passed","title":"should track score gain rate","duration":4.034791000000041,"failureMessages":[],"meta":{}},{"ancestorTitles":["DifficultyManager","adaptive difficulty"],"fullName":"DifficultyManager adaptive difficulty should recommend appropriate difficulty adjustments","status":"passed","title":"should recommend appropriate difficulty adjustments","duration":6.282624999999825,"failureMessages":[],"meta":{}},{"ancestorTitles":["DifficultyManager","difficulty stats"],"fullName":"DifficultyManager difficulty stats should track difficulty statistics","status":"passed","title":"should track difficulty statistics","duration":5.064292000000023,"failureMessages":[],"meta":{}},{"ancestorTitles":["DifficultyManager","difficulty stats"],"fullName":"DifficultyManager difficulty stats should track highest difficulty reached","status":"passed","title":"should track highest difficulty reached","duration":4.5539590000003045,"failureMessages":[],"meta":{}},{"ancestorTitles":["DifficultyManager","reset functionality"],"fullName":"DifficultyManager reset functionality should reset to initial state","status":"passed","title":"should reset to initial state","duration":26.82416699999976,"failureMessages":[],"meta":{}},{"ancestorTitles":["DifficultyManager","cleanup"],"fullName":"DifficultyManager cleanup should clean up resources on destroy","status":"passed","title":"should clean up resources on destroy","duration":5.481250000000273,"failureMessages":[],"meta":{}}],"startTime":1753258329836,"endTime":1753258330023.4812,"status":"passed","message":"","name":"/Users/jeremywatt/Desktop/stairway-sprint/src/managers/__tests__/DifficultyManager.test.ts"},{"assertionResults":[{"ancestorTitles":["GameStateManager","initialization"],"fullName":"GameStateManager initialization should initialize with INIT state","status":"passed","title":"should initialize with INIT state","duration":7.862499999999727,"failureMessages":[],"meta":{}},{"ancestorTitles":["GameStateManager","initialization"],"fullName":"GameStateManager initialization should set initial state in scene data","status":"passed","title":"should set initial state in scene data","duration":5.562082999999802,"failureMessages":[],"meta":{}},{"ancestorTitles":["GameStateManager","initialization"],"fullName":"GameStateManager initialization should have no previous state initially","status":"passed","title":"should have no previous state initially","duration":5.4843339999997625,"failureMessages":[],"meta":{}},{"ancestorTitles":["GameStateManager","state transitions"],"fullName":"GameStateManager state transitions should change state correctly","status":"passed","title":"should change state correctly","duration":1.8820419999997284,"failureMessages":[],"meta":{}},{"ancestorTitles":["GameStateManager","state transitions"],"fullName":"GameStateManager state transitions should track previous state","status":"passed","title":"should track previous state","duration":2.3152499999996508,"failureMessages":[],"meta":{}},{"ancestorTitles":["GameStateManager","state transitions"],"fullName":"GameStateManager state transitions should update scene data on state change","status":"passed","title":"should update scene data on state change","duration":5.095458000000235,"failureMessages":[],"meta":{}},{"ancestorTitles":["GameStateManager","state transitions"],"fullName":"GameStateManager state transitions should emit stateChanged event","status":"passed","title":"should emit stateChanged event","duration":3.8152500000001055,"failureMessages":[],"meta":{}},{"ancestorTitles":["GameStateManager","state transitions"],"fullName":"GameStateManager state transitions should not change state if already in that state","status":"passed","title":"should not change state if already in that state","duration":5.818875000000389,"failureMessages":[],"meta":{}},{"ancestorTitles":["GameStateManager","state handlers"],"fullName":"GameStateManager state handlers should emit initState event when entering INIT state","status":"passed","title":"should emit initState event when entering INIT state","duration":8.100667000000158,"failureMessages":[],"meta":{}},{"ancestorTitles":["GameStateManager","state handlers"],"fullName":"GameStateManager state handlers should emit gameStarted event when entering PLAYING state from non-paused","status":"passed","title":"should emit gameStarted event when entering PLAYING state from non-paused","duration":3.794499999999971,"failureMessages":[],"meta":{}},{"ancestorTitles":["GameStateManager","state handlers"],"fullName":"GameStateManager state handlers should emit gameResumed event when entering PLAYING state from PAUSED","status":"passed","title":"should emit gameResumed event when entering PLAYING state from PAUSED","duration":3.292500000000018,"failureMessages":[],"meta":{}},{"ancestorTitles":["GameStateManager","state handlers"],"fullName":"GameStateManager state handlers should pause physics when entering PAUSED state","status":"passed","title":"should pause physics when entering PAUSED state","duration":5.947833000000173,"failureMessages":[],"meta":{}},{"ancestorTitles":["GameStateManager","state handlers"],"fullName":"GameStateManager state handlers should emit gamePaused event when entering PAUSED state","status":"passed","title":"should emit gamePaused event when entering PAUSED state","duration":2.405291000000034,"failureMessages":[],"meta":{}},{"ancestorTitles":["GameStateManager","state handlers"],"fullName":"GameStateManager state handlers should pause physics when entering GAME_OVER state","status":"passed","title":"should pause physics when entering GAME_OVER state","duration":3.8653330000001915,"failureMessages":[],"meta":{}},{"ancestorTitles":["GameStateManager","state handlers"],"fullName":"GameStateManager state handlers should emit gameEnded event when entering GAME_OVER state","status":"passed","title":"should emit gameEnded event when entering GAME_OVER state","duration":4.814000000000306,"failureMessages":[],"meta":{}},{"ancestorTitles":["GameStateManager","state queries"],"fullName":"GameStateManager state queries should correctly report isPlaying state","status":"passed","title":"should correctly report isPlaying state","duration":2.0853329999999914,"failureMessages":[],"meta":{}},{"ancestorTitles":["GameStateManager","state queries"],"fullName":"GameStateManager state queries should correctly report isPaused state","status":"passed","title":"should correctly report isPaused state","duration":7.259708000000046,"failureMessages":[],"meta":{}},{"ancestorTitles":["GameStateManager","state queries"],"fullName":"GameStateManager state queries should correctly report isGameOver state","status":"passed","title":"should correctly report isGameOver state","duration":4.063167000000249,"failureMessages":[],"meta":{}},{"ancestorTitles":["GameStateManager","state queries"],"fullName":"GameStateManager state queries should correctly report canPause","status":"passed","title":"should correctly report canPause","duration":6.55600000000004,"failureMessages":[],"meta":{}},{"ancestorTitles":["GameStateManager","state queries"],"fullName":"GameStateManager state queries should correctly report canResume","status":"passed","title":"should correctly report canResume","duration":7.495417000000089,"failureMessages":[],"meta":{}},{"ancestorTitles":["GameStateManager","cleanup"],"fullName":"GameStateManager cleanup should clean up event listeners on destroy","status":"passed","title":"should clean up event listeners on destroy","duration":4.570834000000104,"failureMessages":[],"meta":{}}],"startTime":1753258329836,"endTime":1753258329939.5708,"status":"passed","message":"","name":"/Users/jeremywatt/Desktop/stairway-sprint/src/managers/__tests__/GameStateManager.test.ts"},{"assertionResults":[{"ancestorTitles":["LivesManager","initialization"],"fullName":"LivesManager initialization should initialize with specified number of lives","status":"passed","title":"should initialize with specified number of lives","duration":14.969916000000012,"failureMessages":[],"meta":{}},{"ancestorTitles":["LivesManager","initialization"],"fullName":"LivesManager initialization should allow custom starting lives","status":"passed","title":"should allow custom starting lives","duration":5.426625000000058,"failureMessages":[],"meta":{}},{"ancestorTitles":["LivesManager","initialization"],"fullName":"LivesManager initialization should not be invincible on initialization","status":"passed","title":"should not be invincible on initialization","duration":1.223417000000154,"failureMessages":[],"meta":{}},{"ancestorTitles":["LivesManager","life management"],"fullName":"LivesManager life management should lose a life correctly","status":"passed","title":"should lose a life correctly","duration":2.7011250000000473,"failureMessages":[],"meta":{}},{"ancestorTitles":["LivesManager","life management"],"fullName":"LivesManager life management should emit lifeChanged event when losing life","status":"passed","title":"should emit lifeChanged event when losing life","duration":10.56445900000017,"failureMessages":[],"meta":{}},{"ancestorTitles":["LivesManager","life management"],"fullName":"LivesManager life management should return true when losing last life","status":"passed","title":"should return true when losing last life","duration":26.141833000000133,"failureMessages":[],"meta":{}},{"ancestorTitles":["LivesManager","life management"],"fullName":"LivesManager life management should emit gameOver event when losing last life","status":"passed","title":"should emit gameOver event when losing last life","duration":18.824375000000146,"failureMessages":[],"meta":{}},{"ancestorTitles":["LivesManager","life management"],"fullName":"LivesManager life management should not lose life when invincible","status":"passed","title":"should not lose life when invincible","duration":8.473083999999744,"failureMessages":[],"meta":{}},{"ancestorTitles":["LivesManager","life management"],"fullName":"LivesManager life management should not go below 0 lives","status":"passed","title":"should not go below 0 lives","duration":18.267875000000004,"failureMessages":[],"meta":{}},{"ancestorTitles":["LivesManager","life management"],"fullName":"LivesManager life management should add life correctly","status":"passed","title":"should add life correctly","duration":2.605250000000069,"failureMessages":[],"meta":{}},{"ancestorTitles":["LivesManager","life management"],"fullName":"LivesManager life management should not exceed max lives","status":"passed","title":"should not exceed max lives","duration":31.939166999999998,"failureMessages":[],"meta":{}},{"ancestorTitles":["LivesManager","life management"],"fullName":"LivesManager life management should emit lifeChanged event when gaining life","status":"passed","title":"should emit lifeChanged event when gaining life","duration":13.632290999999896,"failureMessages":[],"meta":{}},{"ancestorTitles":["LivesManager","invincibility"],"fullName":"LivesManager invincibility should start invincibility after losing life","status":"passed","title":"should start invincibility after losing life","duration":5.297875000000204,"failureMessages":[],"meta":{}},{"ancestorTitles":["LivesManager","invincibility"],"fullName":"LivesManager invincibility should end invincibility after duration","status":"passed","title":"should end invincibility after duration","duration":4.314707999999882,"failureMessages":[],"meta":{}},{"ancestorTitles":["LivesManager","display creation"],"fullName":"LivesManager display creation should create heart icons for each life","status":"failed","title":"should create heart icons for each life","duration":6.730000000000018,"failureMessages":["AssertionError: expected \"spy\" to be called 3 times, but got 0 times\n    at /Users/jeremywatt/Desktop/stairway-sprint/src/managers/__tests__/LivesManager.test.ts:136:35\n    at file:///Users/jeremywatt/Desktop/stairway-sprint/node_modules/@vitest/runner/dist/chunk-hooks.js:155:11\n    at file:///Users/jeremywatt/Desktop/stairway-sprint/node_modules/@vitest/runner/dist/chunk-hooks.js:752:26\n    at file:///Users/jeremywatt/Desktop/stairway-sprint/node_modules/@vitest/runner/dist/chunk-hooks.js:1897:20\n    at new Promise (<anonymous>)\n    at runWithTimeout (file:///Users/jeremywatt/Desktop/stairway-sprint/node_modules/@vitest/runner/dist/chunk-hooks.js:1863:10)\n    at runTest (file:///Users/jeremywatt/Desktop/stairway-sprint/node_modules/@vitest/runner/dist/chunk-hooks.js:1574:12)\n    at runSuite (file:///Users/jeremywatt/Desktop/stairway-sprint/node_modules/@vitest/runner/dist/chunk-hooks.js:1729:8)\n    at runSuite (file:///Users/jeremywatt/Desktop/stairway-sprint/node_modules/@vitest/runner/dist/chunk-hooks.js:1729:8)\n    at runSuite (file:///Users/jeremywatt/Desktop/stairway-sprint/node_modules/@vitest/runner/dist/chunk-hooks.js:1729:8)"],"meta":{}},{"ancestorTitles":["LivesManager","display creation"],"fullName":"LivesManager display creation should update heart display when lives change","status":"failed","title":"should update heart display when lives change","duration":2.2185420000000704,"failureMessages":["TypeError: Cannot read properties of undefined (reading 'setTexture')\n    at /Users/jeremywatt/Desktop/stairway-sprint/src/managers/__tests__/LivesManager.test.ts:149:24\n    at file:///Users/jeremywatt/Desktop/stairway-sprint/node_modules/@vitest/runner/dist/chunk-hooks.js:155:11\n    at file:///Users/jeremywatt/Desktop/stairway-sprint/node_modules/@vitest/runner/dist/chunk-hooks.js:752:26\n    at file:///Users/jeremywatt/Desktop/stairway-sprint/node_modules/@vitest/runner/dist/chunk-hooks.js:1897:20\n    at new Promise (<anonymous>)\n    at runWithTimeout (file:///Users/jeremywatt/Desktop/stairway-sprint/node_modules/@vitest/runner/dist/chunk-hooks.js:1863:10)\n    at runTest (file:///Users/jeremywatt/Desktop/stairway-sprint/node_modules/@vitest/runner/dist/chunk-hooks.js:1574:12)\n    at runSuite (file:///Users/jeremywatt/Desktop/stairway-sprint/node_modules/@vitest/runner/dist/chunk-hooks.js:1729:8)\n    at runSuite (file:///Users/jeremywatt/Desktop/stairway-sprint/node_modules/@vitest/runner/dist/chunk-hooks.js:1729:8)\n    at runSuite (file:///Users/jeremywatt/Desktop/stairway-sprint/node_modules/@vitest/runner/dist/chunk-hooks.js:1729:8)"],"meta":{}},{"ancestorTitles":["LivesManager","animations"],"fullName":"LivesManager animations should play life loss animation with camera effects","status":"passed","title":"should play life loss animation with camera effects","duration":4.658249999999953,"failureMessages":[],"meta":{}},{"ancestorTitles":["LivesManager","animations"],"fullName":"LivesManager animations should not play camera effects on final life loss","status":"passed","title":"should not play camera effects on final life loss","duration":15.786124999999629,"failureMessages":[],"meta":{}},{"ancestorTitles":["LivesManager","animations"],"fullName":"LivesManager animations should play life gain animation with particles","status":"failed","title":"should play life gain animation with particles","duration":42.0029999999997,"failureMessages":["AssertionError: expected \"spy\" to be called at least once\n    at Proxy.<anonymous> (file:///Users/jeremywatt/Desktop/stairway-sprint/node_modules/@vitest/expect/dist/index.js:1335:10)\n    at Proxy.<anonymous> (file:///Users/jeremywatt/Desktop/stairway-sprint/node_modules/@vitest/expect/dist/index.js:1029:14)\n    at Proxy.methodWrapper (file:///Users/jeremywatt/Desktop/stairway-sprint/node_modules/chai/chai.js:1706:25)\n    at /Users/jeremywatt/Desktop/stairway-sprint/src/managers/__tests__/LivesManager.test.ts:185:36\n    at file:///Users/jeremywatt/Desktop/stairway-sprint/node_modules/@vitest/runner/dist/chunk-hooks.js:155:11\n    at file:///Users/jeremywatt/Desktop/stairway-sprint/node_modules/@vitest/runner/dist/chunk-hooks.js:752:26\n    at file:///Users/jeremywatt/Desktop/stairway-sprint/node_modules/@vitest/runner/dist/chunk-hooks.js:1897:20\n    at new Promise (<anonymous>)\n    at runWithTimeout (file:///Users/jeremywatt/Desktop/stairway-sprint/node_modules/@vitest/runner/dist/chunk-hooks.js:1863:10)\n    at runTest (file:///Users/jeremywatt/Desktop/stairway-sprint/node_modules/@vitest/runner/dist/chunk-hooks.js:1574:12)"],"meta":{}},{"ancestorTitles":["LivesManager","reset functionality"],"fullName":"LivesManager reset functionality should reset lives to maximum","status":"passed","title":"should reset lives to maximum","duration":14.921291999999994,"failureMessages":[],"meta":{}},{"ancestorTitles":["LivesManager","cleanup"],"fullName":"LivesManager cleanup should clean up resources on destroy","status":"passed","title":"should clean up resources on destroy","duration":12.798707999999806,"failureMessages":[],"meta":{}}],"startTime":1753258325880,"endTime":1753258326144.7988,"status":"failed","message":"","name":"/Users/jeremywatt/Desktop/stairway-sprint/src/managers/__tests__/LivesManager.test.ts"},{"assertionResults":[{"ancestorTitles":["ScoreManager","initialization"],"fullName":"ScoreManager initialization should initialize with score 0","status":"passed","title":"should initialize with score 0","duration":4.5585839999998825,"failureMessages":[],"meta":{}},{"ancestorTitles":["ScoreManager","initialization"],"fullName":"ScoreManager initialization should initialize with streak 0","status":"passed","title":"should initialize with streak 0","duration":1.7282920000002377,"failureMessages":[],"meta":{}},{"ancestorTitles":["ScoreManager","initialization"],"fullName":"ScoreManager initialization should load high score from localStorage","status":"passed","title":"should load high score from localStorage","duration":2.1042499999998654,"failureMessages":[],"meta":{}},{"ancestorTitles":["ScoreManager","initialization"],"fullName":"ScoreManager initialization should handle missing localStorage gracefully","status":"passed","title":"should handle missing localStorage gracefully","duration":20.052625000000262,"failureMessages":[],"meta":{}},{"ancestorTitles":["ScoreManager","score management"],"fullName":"ScoreManager score management should add positive points correctly","status":"passed","title":"should add positive points correctly","duration":2.496875000000273,"failureMessages":[],"meta":{}},{"ancestorTitles":["ScoreManager","score management"],"fullName":"ScoreManager score management should subtract negative points correctly","status":"passed","title":"should subtract negative points correctly","duration":2.0920000000000982,"failureMessages":[],"meta":{}},{"ancestorTitles":["ScoreManager","score management"],"fullName":"ScoreManager score management should not allow score to go below 0","status":"passed","title":"should not allow score to go below 0","duration":0.9345410000000811,"failureMessages":[],"meta":{}},{"ancestorTitles":["ScoreManager","score management"],"fullName":"ScoreManager score management should emit scoreChanged event when score changes","status":"passed","title":"should emit scoreChanged event when score changes","duration":6.079665999999634,"failureMessages":[],"meta":{}},{"ancestorTitles":["ScoreManager","score management"],"fullName":"ScoreManager score management should update high score when current score exceeds it","status":"passed","title":"should update high score when current score exceeds it","duration":7.7433750000000146,"failureMessages":[],"meta":{}},{"ancestorTitles":["ScoreManager","score management"],"fullName":"ScoreManager score management should save high score to localStorage","status":"passed","title":"should save high score to localStorage","duration":3.314208000000235,"failureMessages":[],"meta":{}},{"ancestorTitles":["ScoreManager","score management"],"fullName":"ScoreManager score management should emit newHighScore event when high score is beaten","status":"passed","title":"should emit newHighScore event when high score is beaten","duration":2.0111669999996593,"failureMessages":[],"meta":{}},{"ancestorTitles":["ScoreManager","streak management"],"fullName":"ScoreManager streak management should increment streak correctly","status":"passed","title":"should increment streak correctly","duration":0.8691669999998339,"failureMessages":[],"meta":{}},{"ancestorTitles":["ScoreManager","streak management"],"fullName":"ScoreManager streak management should reset streak after 10","status":"passed","title":"should reset streak after 10","duration":3.83920900000021,"failureMessages":[],"meta":{}},{"ancestorTitles":["ScoreManager","streak management"],"fullName":"ScoreManager streak management should add bonus points for perfect streak","status":"passed","title":"should add bonus points for perfect streak","duration":2.3928750000000036,"failureMessages":[],"meta":{}},{"ancestorTitles":["ScoreManager","streak management"],"fullName":"ScoreManager streak management should emit perfectStreak event after 10 streaks","status":"passed","title":"should emit perfectStreak event after 10 streaks","duration":1.3264169999997648,"failureMessages":[],"meta":{}},{"ancestorTitles":["ScoreManager","streak management"],"fullName":"ScoreManager streak management should emit streakChanged event when streak changes","status":"passed","title":"should emit streakChanged event when streak changes","duration":0.9238330000002861,"failureMessages":[],"meta":{}},{"ancestorTitles":["ScoreManager","streak management"],"fullName":"ScoreManager streak management should reset streak to 0","status":"passed","title":"should reset streak to 0","duration":0.8558330000000751,"failureMessages":[],"meta":{}},{"ancestorTitles":["ScoreManager","display creation"],"fullName":"ScoreManager display creation should create score display elements","status":"failed","title":"should create score display elements","duration":2.2387079999998605,"failureMessages":["AssertionError: expected \"spy\" to be called 3 times, but got 1 times\n    at /Users/jeremywatt/Desktop/stairway-sprint/src/managers/__tests__/ScoreManager.test.ts:142:34\n    at file:///Users/jeremywatt/Desktop/stairway-sprint/node_modules/@vitest/runner/dist/chunk-hooks.js:155:11\n    at file:///Users/jeremywatt/Desktop/stairway-sprint/node_modules/@vitest/runner/dist/chunk-hooks.js:752:26\n    at file:///Users/jeremywatt/Desktop/stairway-sprint/node_modules/@vitest/runner/dist/chunk-hooks.js:1897:20\n    at new Promise (<anonymous>)\n    at runWithTimeout (file:///Users/jeremywatt/Desktop/stairway-sprint/node_modules/@vitest/runner/dist/chunk-hooks.js:1863:10)\n    at runTest (file:///Users/jeremywatt/Desktop/stairway-sprint/node_modules/@vitest/runner/dist/chunk-hooks.js:1574:12)\n    at processTicksAndRejections (node:internal/process/task_queues:105:5)\n    at runSuite (file:///Users/jeremywatt/Desktop/stairway-sprint/node_modules/@vitest/runner/dist/chunk-hooks.js:1729:8)\n    at runSuite (file:///Users/jeremywatt/Desktop/stairway-sprint/node_modules/@vitest/runner/dist/chunk-hooks.js:1729:8)"],"meta":{}},{"ancestorTitles":["ScoreManager","reset functionality"],"fullName":"ScoreManager reset functionality should reset score and streak but not high score","status":"passed","title":"should reset score and streak but not high score","duration":1.2653750000004038,"failureMessages":[],"meta":{}},{"ancestorTitles":["ScoreManager","cleanup"],"fullName":"ScoreManager cleanup should clean up resources on destroy","status":"passed","title":"should clean up resources on destroy","duration":0.997834000000239,"failureMessages":[],"meta":{}}],"startTime":1753258329731,"endTime":1753258329799.9978,"status":"failed","message":"","name":"/Users/jeremywatt/Desktop/stairway-sprint/src/managers/__tests__/ScoreManager.test.ts"},{"assertionResults":[{"ancestorTitles":["UISoundManager","initialization"],"fullName":"UISoundManager initialization should create UI sound manager","status":"passed","title":"should create UI sound manager","duration":3.3604999999997744,"failureMessages":[],"meta":{}},{"ancestorTitles":["UISoundManager","initialization"],"fullName":"UISoundManager initialization should set accessibility manager","status":"passed","title":"should set accessibility manager","duration":1.5965839999998934,"failureMessages":[],"meta":{}},{"ancestorTitles":["UISoundManager","sound preloading"],"fullName":"UISoundManager sound preloading should mark all UI sounds as loaded","status":"passed","title":"should mark all UI sounds as loaded","duration":0.780250000000251,"failureMessages":[],"meta":{}},{"ancestorTitles":["UISoundManager","playing sounds"],"fullName":"UISoundManager playing sounds should play sound without accessibility manager","status":"passed","title":"should play sound without accessibility manager","duration":5.277749999999742,"failureMessages":[],"meta":{}},{"ancestorTitles":["UISoundManager","playing sounds"],"fullName":"UISoundManager playing sounds should play sound through accessibility manager when set","status":"passed","title":"should play sound through accessibility manager when set","duration":3.737833000000137,"failureMessages":[],"meta":{}},{"ancestorTitles":["UISoundManager","playing sounds"],"fullName":"UISoundManager playing sounds should not play sound if not found and no accessibility manager","status":"passed","title":"should not play sound if not found and no accessibility manager","duration":2.50649999999996,"failureMessages":[],"meta":{}},{"ancestorTitles":["UISoundManager","playing sounds"],"fullName":"UISoundManager playing sounds should use default volume if not specified","status":"passed","title":"should use default volume if not specified","duration":3.198541000000205,"failureMessages":[],"meta":{}},{"ancestorTitles":["UISoundManager","convenience methods"],"fullName":"UISoundManager convenience methods should play hover sound with correct volume","status":"passed","title":"should play hover sound with correct volume","duration":1.8544999999999163,"failureMessages":[],"meta":{}},{"ancestorTitles":["UISoundManager","convenience methods"],"fullName":"UISoundManager convenience methods should play click sound with correct volume","status":"passed","title":"should play click sound with correct volume","duration":1.0307499999998981,"failureMessages":[],"meta":{}},{"ancestorTitles":["UISoundManager","convenience methods"],"fullName":"UISoundManager convenience methods should play success sound with correct volume","status":"passed","title":"should play success sound with correct volume","duration":1.195875000000342,"failureMessages":[],"meta":{}},{"ancestorTitles":["UISoundManager","convenience methods"],"fullName":"UISoundManager convenience methods should play error sound with correct volume","status":"passed","title":"should play error sound with correct volume","duration":0.7570000000000618,"failureMessages":[],"meta":{}},{"ancestorTitles":["UISoundManager","convenience methods"],"fullName":"UISoundManager convenience methods should play focus change sound with correct volume","status":"passed","title":"should play focus change sound with correct volume","duration":1.9992499999998472,"failureMessages":[],"meta":{}},{"ancestorTitles":["UISoundManager","convenience methods"],"fullName":"UISoundManager convenience methods should play toggle sound with correct volume","status":"passed","title":"should play toggle sound with correct volume","duration":3.3459170000000995,"failureMessages":[],"meta":{}},{"ancestorTitles":["UISoundManager","button sound effects"],"fullName":"UISoundManager button sound effects should add default button sounds","status":"passed","title":"should add default button sounds","duration":13.221625000000131,"failureMessages":[],"meta":{}},{"ancestorTitles":["UISoundManager","button sound effects"],"fullName":"UISoundManager button sound effects should add only hover sound when click is disabled","status":"passed","title":"should add only hover sound when click is disabled","duration":4.263958999999886,"failureMessages":[],"meta":{}},{"ancestorTitles":["UISoundManager","button sound effects"],"fullName":"UISoundManager button sound effects should add only click sound when hover is disabled","status":"passed","title":"should add only click sound when hover is disabled","duration":1.9414590000001226,"failureMessages":[],"meta":{}},{"ancestorTitles":["UISoundManager","button sound effects"],"fullName":"UISoundManager button sound effects should use custom volumes","status":"passed","title":"should use custom volumes","duration":0.9620829999998932,"failureMessages":[],"meta":{}},{"ancestorTitles":["UISoundManager","button sound effects"],"fullName":"UISoundManager button sound effects should warn if button is not interactive","status":"passed","title":"should warn if button is not interactive","duration":1.0417500000003201,"failureMessages":[],"meta":{}},{"ancestorTitles":["UISoundManager","accessible button creation"],"fullName":"UISoundManager accessible button creation should create text button with proper setup","status":"passed","title":"should create text button with proper setup","duration":1.5780840000002172,"failureMessages":[],"meta":{}},{"ancestorTitles":["UISoundManager","accessible button creation"],"fullName":"UISoundManager accessible button creation should add accessibility label","status":"passed","title":"should add accessibility label","duration":2.9368749999998727,"failureMessages":[],"meta":{}},{"ancestorTitles":["UISoundManager","accessible button creation"],"fullName":"UISoundManager accessible button creation should use button text as default accessibility label","status":"passed","title":"should use button text as default accessibility label","duration":6.141416999999819,"failureMessages":[],"meta":{}},{"ancestorTitles":["UISoundManager","accessible button creation"],"fullName":"UISoundManager accessible button creation should add button sounds automatically","status":"passed","title":"should add button sounds automatically","duration":4.121916000000056,"failureMessages":[],"meta":{}},{"ancestorTitles":["UISoundManager","accessible button creation"],"fullName":"UISoundManager accessible button creation should handle click callback","status":"passed","title":"should handle click callback","duration":4.923917000000074,"failureMessages":[],"meta":{}},{"ancestorTitles":["UISoundManager","accessible button creation"],"fullName":"UISoundManager accessible button creation should add visual feedback handlers","status":"passed","title":"should add visual feedback handlers","duration":4.986750000000029,"failureMessages":[],"meta":{}},{"ancestorTitles":["UISoundManager","integration with accessibility manager"],"fullName":"UISoundManager integration with accessibility manager should respect UI sound volume from accessibility settings","status":"passed","title":"should respect UI sound volume from accessibility settings","duration":4.201416000000336,"failureMessages":[],"meta":{}},{"ancestorTitles":["UISoundManager","integration with accessibility manager"],"fullName":"UISoundManager integration with accessibility manager should handle accessibility manager being unset","status":"passed","title":"should handle accessibility manager being unset","duration":4.67779100000007,"failureMessages":[],"meta":{}}],"startTime":1753258329760,"endTime":1753258329846.6777,"status":"passed","message":"","name":"/Users/jeremywatt/Desktop/stairway-sprint/src/managers/__tests__/UISoundManager.test.ts"},{"assertionResults":[{"ancestorTitles":["ResponsiveUtils","device detection"],"fullName":"ResponsiveUtils device detection should detect phone for width < 768px","status":"passed","title":"should detect phone for width < 768px","duration":3.86712499999976,"failureMessages":[],"meta":{}},{"ancestorTitles":["ResponsiveUtils","device detection"],"fullName":"ResponsiveUtils device detection should detect tablet for width 768-1024px","status":"passed","title":"should detect tablet for width 768-1024px","duration":1.4350829999998496,"failureMessages":[],"meta":{}},{"ancestorTitles":["ResponsiveUtils","device detection"],"fullName":"ResponsiveUtils device detection should detect desktop for width > 1024px","status":"passed","title":"should detect desktop for width > 1024px","duration":1.4885420000000522,"failureMessages":[],"meta":{}},{"ancestorTitles":["ResponsiveUtils","orientation detection"],"fullName":"ResponsiveUtils orientation detection should detect portrait when height > width","status":"passed","title":"should detect portrait when height > width","duration":1.3592499999999745,"failureMessages":[],"meta":{}},{"ancestorTitles":["ResponsiveUtils","orientation detection"],"fullName":"ResponsiveUtils orientation detection should detect landscape when width > height","status":"passed","title":"should detect landscape when width > height","duration":1.8046669999998812,"failureMessages":[],"meta":{}},{"ancestorTitles":["ResponsiveUtils","singleton behavior"],"fullName":"ResponsiveUtils singleton behavior should return same instance for same scene","status":"passed","title":"should return same instance for same scene","duration":2.1715830000002825,"failureMessages":[],"meta":{}},{"ancestorTitles":["ResponsiveUtils","singleton behavior"],"fullName":"ResponsiveUtils singleton behavior should create new instance for different scene","status":"passed","title":"should create new instance for different scene","duration":5.570791999999983,"failureMessages":[],"meta":{}},{"ancestorTitles":["ResponsiveUtils","singleton behavior"],"fullName":"ResponsiveUtils singleton behavior should work with helper function","status":"passed","title":"should work with helper function","duration":2.842666999999892,"failureMessages":[],"meta":{}},{"ancestorTitles":["ResponsiveUtils","font sizing"],"fullName":"ResponsiveUtils font sizing should calculate font size for SMALL","status":"passed","title":"should calculate font size for SMALL","duration":1.310124999999971,"failureMessages":[],"meta":{}},{"ancestorTitles":["ResponsiveUtils","font sizing"],"fullName":"ResponsiveUtils font sizing should calculate font size for NORMAL","status":"passed","title":"should calculate font size for NORMAL","duration":1.6696670000001177,"failureMessages":[],"meta":{}},{"ancestorTitles":["ResponsiveUtils","font sizing"],"fullName":"ResponsiveUtils font sizing should calculate font size for LARGE","status":"passed","title":"should calculate font size for LARGE","duration":5.902625000000171,"failureMessages":[],"meta":{}},{"ancestorTitles":["ResponsiveUtils","font sizing"],"fullName":"ResponsiveUtils font sizing should calculate font size for TITLE","status":"passed","title":"should calculate font size for TITLE","duration":3.1345000000001164,"failureMessages":[],"meta":{}},{"ancestorTitles":["ResponsiveUtils","font sizing"],"fullName":"ResponsiveUtils font sizing should clamp font size to min/max values","status":"passed","title":"should clamp font size to min/max values","duration":6.700917000000118,"failureMessages":[],"meta":{}},{"ancestorTitles":["ResponsiveUtils","font sizing"],"fullName":"ResponsiveUtils font sizing should return font style object","status":"passed","title":"should return font style object","duration":5.700124999999844,"failureMessages":[],"meta":{}},{"ancestorTitles":["ResponsiveUtils","scaling"],"fullName":"ResponsiveUtils scaling should scale values based on device","status":"passed","title":"should scale values based on device","duration":1.3934159999998883,"failureMessages":[],"meta":{}},{"ancestorTitles":["ResponsiveUtils","scaling"],"fullName":"ResponsiveUtils scaling should scale differently for different devices","status":"failed","title":"should scale differently for different devices","duration":6.260041999999885,"failureMessages":["AssertionError: expected 135 not to be 135 // Object.is equality\n    at /Users/jeremywatt/Desktop/stairway-sprint/src/utils/__tests__/ResponsiveUtils.test.ts:165:33\n    at file:///Users/jeremywatt/Desktop/stairway-sprint/node_modules/@vitest/runner/dist/chunk-hooks.js:155:11\n    at file:///Users/jeremywatt/Desktop/stairway-sprint/node_modules/@vitest/runner/dist/chunk-hooks.js:752:26\n    at file:///Users/jeremywatt/Desktop/stairway-sprint/node_modules/@vitest/runner/dist/chunk-hooks.js:1897:20\n    at new Promise (<anonymous>)\n    at runWithTimeout (file:///Users/jeremywatt/Desktop/stairway-sprint/node_modules/@vitest/runner/dist/chunk-hooks.js:1863:10)\n    at runTest (file:///Users/jeremywatt/Desktop/stairway-sprint/node_modules/@vitest/runner/dist/chunk-hooks.js:1574:12)\n    at processTicksAndRejections (node:internal/process/task_queues:105:5)\n    at runSuite (file:///Users/jeremywatt/Desktop/stairway-sprint/node_modules/@vitest/runner/dist/chunk-hooks.js:1729:8)\n    at runSuite (file:///Users/jeremywatt/Desktop/stairway-sprint/node_modules/@vitest/runner/dist/chunk-hooks.js:1729:8)"],"meta":{}},{"ancestorTitles":["ResponsiveUtils","scaling"],"fullName":"ResponsiveUtils scaling should get UI scale factor","status":"passed","title":"should get UI scale factor","duration":5.7988750000004075,"failureMessages":[],"meta":{}},{"ancestorTitles":["ResponsiveUtils","spacing and padding"],"fullName":"ResponsiveUtils spacing and padding should get responsive spacing","status":"passed","title":"should get responsive spacing","duration":4.947250000000167,"failureMessages":[],"meta":{}},{"ancestorTitles":["ResponsiveUtils","spacing and padding"],"fullName":"ResponsiveUtils spacing and padding should get different padding for phone vs desktop","status":"failed","title":"should get different padding for phone vs desktop","duration":3.3576250000000982,"failureMessages":["AssertionError: expected 27 to be greater than 27\n    at /Users/jeremywatt/Desktop/stairway-sprint/src/utils/__tests__/ResponsiveUtils.test.ts:197:32\n    at file:///Users/jeremywatt/Desktop/stairway-sprint/node_modules/@vitest/runner/dist/chunk-hooks.js:155:11\n    at file:///Users/jeremywatt/Desktop/stairway-sprint/node_modules/@vitest/runner/dist/chunk-hooks.js:752:26\n    at file:///Users/jeremywatt/Desktop/stairway-sprint/node_modules/@vitest/runner/dist/chunk-hooks.js:1897:20\n    at new Promise (<anonymous>)\n    at runWithTimeout (file:///Users/jeremywatt/Desktop/stairway-sprint/node_modules/@vitest/runner/dist/chunk-hooks.js:1863:10)\n    at runTest (file:///Users/jeremywatt/Desktop/stairway-sprint/node_modules/@vitest/runner/dist/chunk-hooks.js:1574:12)\n    at processTicksAndRejections (node:internal/process/task_queues:105:5)\n    at runSuite (file:///Users/jeremywatt/Desktop/stairway-sprint/node_modules/@vitest/runner/dist/chunk-hooks.js:1729:8)\n    at runSuite (file:///Users/jeremywatt/Desktop/stairway-sprint/node_modules/@vitest/runner/dist/chunk-hooks.js:1729:8)"],"meta":{}},{"ancestorTitles":["ResponsiveUtils","touch functionality"],"fullName":"ResponsiveUtils touch functionality should enforce minimum touch target size","status":"passed","title":"should enforce minimum touch target size","duration":18.456500000000233,"failureMessages":[],"meta":{}},{"ancestorTitles":["ResponsiveUtils","touch functionality"],"fullName":"ResponsiveUtils touch functionality should detect touch device","status":"passed","title":"should detect touch device","duration":117.94495800000004,"failureMessages":[],"meta":{}},{"ancestorTitles":["ResponsiveUtils","relative positioning"],"fullName":"ResponsiveUtils relative positioning should calculate relative width position","status":"passed","title":"should calculate relative width position","duration":21.226500000000215,"failureMessages":[],"meta":{}},{"ancestorTitles":["ResponsiveUtils","relative positioning"],"fullName":"ResponsiveUtils relative positioning should calculate relative height position","status":"passed","title":"should calculate relative height position","duration":33.88074999999981,"failureMessages":[],"meta":{}},{"ancestorTitles":["ResponsiveUtils","safe area insets"],"fullName":"ResponsiveUtils safe area insets should return safe area for phone in portrait","status":"passed","title":"should return safe area for phone in portrait","duration":49.56050000000005,"failureMessages":[],"meta":{}},{"ancestorTitles":["ResponsiveUtils","safe area insets"],"fullName":"ResponsiveUtils safe area insets should return safe area for phone in landscape","status":"passed","title":"should return safe area for phone in landscape","duration":9.178625000000011,"failureMessages":[],"meta":{}},{"ancestorTitles":["ResponsiveUtils","safe area insets"],"fullName":"ResponsiveUtils safe area insets should return no safe area for desktop","status":"passed","title":"should return no safe area for desktop","duration":39.09908299999961,"failureMessages":[],"meta":{}},{"ancestorTitles":["ResponsiveUtils","button configuration"],"fullName":"ResponsiveUtils button configuration should create button config with minimum sizes","status":"passed","title":"should create button config with minimum sizes","duration":112.140625,"failureMessages":[],"meta":{}},{"ancestorTitles":["ResponsiveUtils","button configuration"],"fullName":"ResponsiveUtils button configuration should use specified font size","status":"passed","title":"should use specified font size","duration":93.2383749999999,"failureMessages":[],"meta":{}},{"ancestorTitles":["ResponsiveUtils","DPI adjustment"],"fullName":"ResponsiveUtils DPI adjustment should adjust value for high DPI displays","status":"passed","title":"should adjust value for high DPI displays","duration":55.44708300000002,"failureMessages":[],"meta":{}},{"ancestorTitles":["ResponsiveUtils","DPI adjustment"],"fullName":"ResponsiveUtils DPI adjustment should handle fractional DPI","status":"passed","title":"should handle fractional DPI","duration":7.695083000000068,"failureMessages":[],"meta":{}},{"ancestorTitles":["ResponsiveUtils","update on resize"],"fullName":"ResponsiveUtils update on resize should update device category on resize","status":"passed","title":"should update device category on resize","duration":1.5542919999998048,"failureMessages":[],"meta":{}},{"ancestorTitles":["ResponsiveUtils","update on resize"],"fullName":"ResponsiveUtils update on resize should update orientation on resize","status":"passed","title":"should update orientation on resize","duration":4.360749999999825,"failureMessages":[],"meta":{}},{"ancestorTitles":["ResponsiveUtils","update on resize"],"fullName":"ResponsiveUtils update on resize should recalculate scale factor on update","status":"passed","title":"should recalculate scale factor on update","duration":11.44150000000036,"failureMessages":[],"meta":{}}],"startTime":1753258325894,"endTime":1753258326537.4414,"status":"failed","message":"","name":"/Users/jeremywatt/Desktop/stairway-sprint/src/utils/__tests__/ResponsiveUtils.test.ts"},{"assertionResults":[{"ancestorTitles":["UIManager","initialization"],"fullName":"UIManager initialization should create UI manager with required dependencies","status":"failed","title":"should create UI manager with required dependencies","duration":50.52741699999979,"failureMessages":["TypeError: Cannot read properties of undefined (reading 'keyboard')\n    at AccessibilityManager.setupKeyboardListeners (/Users/jeremywatt/Desktop/stairway-sprint/src/managers/AccessibilityManager.ts:203:27)\n    at new AccessibilityManager (/Users/jeremywatt/Desktop/stairway-sprint/src/managers/AccessibilityManager.ts:49:10)\n    at /Users/jeremywatt/Desktop/stairway-sprint/src/ui/__tests__/UIManager.test.ts:52:28\n    at file:///Users/jeremywatt/Desktop/stairway-sprint/node_modules/@vitest/runner/dist/chunk-hooks.js:155:11\n    at file:///Users/jeremywatt/Desktop/stairway-sprint/node_modules/@vitest/runner/dist/chunk-hooks.js:1897:20\n    at new Promise (<anonymous>)\n    at runWithTimeout (file:///Users/jeremywatt/Desktop/stairway-sprint/node_modules/@vitest/runner/dist/chunk-hooks.js:1863:10)\n    at runHook (file:///Users/jeremywatt/Desktop/stairway-sprint/node_modules/@vitest/runner/dist/chunk-hooks.js:1436:51)\n    at callSuiteHook (file:///Users/jeremywatt/Desktop/stairway-sprint/node_modules/@vitest/runner/dist/chunk-hooks.js:1442:25)\n    at processTicksAndRejections (node:internal/process/task_queues:105:5)"],"meta":{}},{"ancestorTitles":["UIManager","initialization"],"fullName":"UIManager initialization should set accessibility manager","status":"failed","title":"should set accessibility manager","duration":10.792417000000114,"failureMessages":["TypeError: Cannot read properties of undefined (reading 'keyboard')\n    at AccessibilityManager.setupKeyboardListeners (/Users/jeremywatt/Desktop/stairway-sprint/src/managers/AccessibilityManager.ts:203:27)\n    at new AccessibilityManager (/Users/jeremywatt/Desktop/stairway-sprint/src/managers/AccessibilityManager.ts:49:10)\n    at /Users/jeremywatt/Desktop/stairway-sprint/src/ui/__tests__/UIManager.test.ts:52:28\n    at file:///Users/jeremywatt/Desktop/stairway-sprint/node_modules/@vitest/runner/dist/chunk-hooks.js:155:11\n    at file:///Users/jeremywatt/Desktop/stairway-sprint/node_modules/@vitest/runner/dist/chunk-hooks.js:1897:20\n    at new Promise (<anonymous>)\n    at runWithTimeout (file:///Users/jeremywatt/Desktop/stairway-sprint/node_modules/@vitest/runner/dist/chunk-hooks.js:1863:10)\n    at runHook (file:///Users/jeremywatt/Desktop/stairway-sprint/node_modules/@vitest/runner/dist/chunk-hooks.js:1436:51)\n    at callSuiteHook (file:///Users/jeremywatt/Desktop/stairway-sprint/node_modules/@vitest/runner/dist/chunk-hooks.js:1442:25)\n    at processTicksAndRejections (node:internal/process/task_queues:105:5)"],"meta":{}},{"ancestorTitles":["UIManager","initialization"],"fullName":"UIManager initialization should set UI sound manager","status":"failed","title":"should set UI sound manager","duration":2.842833000000155,"failureMessages":["TypeError: Cannot read properties of undefined (reading 'keyboard')\n    at AccessibilityManager.setupKeyboardListeners (/Users/jeremywatt/Desktop/stairway-sprint/src/managers/AccessibilityManager.ts:203:27)\n    at new AccessibilityManager (/Users/jeremywatt/Desktop/stairway-sprint/src/managers/AccessibilityManager.ts:49:10)\n    at /Users/jeremywatt/Desktop/stairway-sprint/src/ui/__tests__/UIManager.test.ts:52:28\n    at file:///Users/jeremywatt/Desktop/stairway-sprint/node_modules/@vitest/runner/dist/chunk-hooks.js:155:11\n    at file:///Users/jeremywatt/Desktop/stairway-sprint/node_modules/@vitest/runner/dist/chunk-hooks.js:1897:20\n    at new Promise (<anonymous>)\n    at runWithTimeout (file:///Users/jeremywatt/Desktop/stairway-sprint/node_modules/@vitest/runner/dist/chunk-hooks.js:1863:10)\n    at runHook (file:///Users/jeremywatt/Desktop/stairway-sprint/node_modules/@vitest/runner/dist/chunk-hooks.js:1436:51)\n    at callSuiteHook (file:///Users/jeremywatt/Desktop/stairway-sprint/node_modules/@vitest/runner/dist/chunk-hooks.js:1442:25)\n    at processTicksAndRejections (node:internal/process/task_queues:105:5)"],"meta":{}},{"ancestorTitles":["UIManager","create"],"fullName":"UIManager create should create score text","status":"failed","title":"should create score text","duration":6.123167000000194,"failureMessages":["TypeError: Cannot read properties of undefined (reading 'keyboard')\n    at AccessibilityManager.setupKeyboardListeners (/Users/jeremywatt/Desktop/stairway-sprint/src/managers/AccessibilityManager.ts:203:27)\n    at new AccessibilityManager (/Users/jeremywatt/Desktop/stairway-sprint/src/managers/AccessibilityManager.ts:49:10)\n    at /Users/jeremywatt/Desktop/stairway-sprint/src/ui/__tests__/UIManager.test.ts:52:28\n    at file:///Users/jeremywatt/Desktop/stairway-sprint/node_modules/@vitest/runner/dist/chunk-hooks.js:155:11\n    at file:///Users/jeremywatt/Desktop/stairway-sprint/node_modules/@vitest/runner/dist/chunk-hooks.js:1897:20\n    at new Promise (<anonymous>)\n    at runWithTimeout (file:///Users/jeremywatt/Desktop/stairway-sprint/node_modules/@vitest/runner/dist/chunk-hooks.js:1863:10)\n    at runHook (file:///Users/jeremywatt/Desktop/stairway-sprint/node_modules/@vitest/runner/dist/chunk-hooks.js:1436:51)\n    at callSuiteHook (file:///Users/jeremywatt/Desktop/stairway-sprint/node_modules/@vitest/runner/dist/chunk-hooks.js:1442:25)\n    at processTicksAndRejections (node:internal/process/task_queues:105:5)"],"meta":{}},{"ancestorTitles":["UIManager","create"],"fullName":"UIManager create should create streak text","status":"failed","title":"should create streak text","duration":4.294792000000143,"failureMessages":["TypeError: Cannot read properties of undefined (reading 'keyboard')\n    at AccessibilityManager.setupKeyboardListeners (/Users/jeremywatt/Desktop/stairway-sprint/src/managers/AccessibilityManager.ts:203:27)\n    at new AccessibilityManager (/Users/jeremywatt/Desktop/stairway-sprint/src/managers/AccessibilityManager.ts:49:10)\n    at /Users/jeremywatt/Desktop/stairway-sprint/src/ui/__tests__/UIManager.test.ts:52:28\n    at file:///Users/jeremywatt/Desktop/stairway-sprint/node_modules/@vitest/runner/dist/chunk-hooks.js:155:11\n    at file:///Users/jeremywatt/Desktop/stairway-sprint/node_modules/@vitest/runner/dist/chunk-hooks.js:1897:20\n    at new Promise (<anonymous>)\n    at runWithTimeout (file:///Users/jeremywatt/Desktop/stairway-sprint/node_modules/@vitest/runner/dist/chunk-hooks.js:1863:10)\n    at runHook (file:///Users/jeremywatt/Desktop/stairway-sprint/node_modules/@vitest/runner/dist/chunk-hooks.js:1436:51)\n    at callSuiteHook (file:///Users/jeremywatt/Desktop/stairway-sprint/node_modules/@vitest/runner/dist/chunk-hooks.js:1442:25)\n    at processTicksAndRejections (node:internal/process/task_queues:105:5)"],"meta":{}},{"ancestorTitles":["UIManager","create"],"fullName":"UIManager create should create timer text","status":"failed","title":"should create timer text","duration":2.9299580000001697,"failureMessages":["TypeError: Cannot read properties of undefined (reading 'keyboard')\n    at AccessibilityManager.setupKeyboardListeners (/Users/jeremywatt/Desktop/stairway-sprint/src/managers/AccessibilityManager.ts:203:27)\n    at new AccessibilityManager (/Users/jeremywatt/Desktop/stairway-sprint/src/managers/AccessibilityManager.ts:49:10)\n    at /Users/jeremywatt/Desktop/stairway-sprint/src/ui/__tests__/UIManager.test.ts:52:28\n    at file:///Users/jeremywatt/Desktop/stairway-sprint/node_modules/@vitest/runner/dist/chunk-hooks.js:155:11\n    at file:///Users/jeremywatt/Desktop/stairway-sprint/node_modules/@vitest/runner/dist/chunk-hooks.js:1897:20\n    at new Promise (<anonymous>)\n    at runWithTimeout (file:///Users/jeremywatt/Desktop/stairway-sprint/node_modules/@vitest/runner/dist/chunk-hooks.js:1863:10)\n    at runHook (file:///Users/jeremywatt/Desktop/stairway-sprint/node_modules/@vitest/runner/dist/chunk-hooks.js:1436:51)\n    at callSuiteHook (file:///Users/jeremywatt/Desktop/stairway-sprint/node_modules/@vitest/runner/dist/chunk-hooks.js:1442:25)\n    at processTicksAndRejections (node:internal/process/task_queues:105:5)"],"meta":{}},{"ancestorTitles":["UIManager","create"],"fullName":"UIManager create should create heart icons for lives","status":"failed","title":"should create heart icons for lives","duration":70.46308399999998,"failureMessages":["TypeError: Cannot read properties of undefined (reading 'keyboard')\n    at AccessibilityManager.setupKeyboardListeners (/Users/jeremywatt/Desktop/stairway-sprint/src/managers/AccessibilityManager.ts:203:27)\n    at new AccessibilityManager (/Users/jeremywatt/Desktop/stairway-sprint/src/managers/AccessibilityManager.ts:49:10)\n    at /Users/jeremywatt/Desktop/stairway-sprint/src/ui/__tests__/UIManager.test.ts:52:28\n    at file:///Users/jeremywatt/Desktop/stairway-sprint/node_modules/@vitest/runner/dist/chunk-hooks.js:155:11\n    at file:///Users/jeremywatt/Desktop/stairway-sprint/node_modules/@vitest/runner/dist/chunk-hooks.js:1897:20\n    at new Promise (<anonymous>)\n    at runWithTimeout (file:///Users/jeremywatt/Desktop/stairway-sprint/node_modules/@vitest/runner/dist/chunk-hooks.js:1863:10)\n    at runHook (file:///Users/jeremywatt/Desktop/stairway-sprint/node_modules/@vitest/runner/dist/chunk-hooks.js:1436:51)\n    at callSuiteHook (file:///Users/jeremywatt/Desktop/stairway-sprint/node_modules/@vitest/runner/dist/chunk-hooks.js:1442:25)\n    at processTicksAndRejections (node:internal/process/task_queues:105:5)"],"meta":{}},{"ancestorTitles":["UIManager","create"],"fullName":"UIManager create should create pause button","status":"failed","title":"should create pause button","duration":4.954540999999608,"failureMessages":["TypeError: Cannot read properties of undefined (reading 'keyboard')\n    at AccessibilityManager.setupKeyboardListeners (/Users/jeremywatt/Desktop/stairway-sprint/src/managers/AccessibilityManager.ts:203:27)\n    at new AccessibilityManager (/Users/jeremywatt/Desktop/stairway-sprint/src/managers/AccessibilityManager.ts:49:10)\n    at /Users/jeremywatt/Desktop/stairway-sprint/src/ui/__tests__/UIManager.test.ts:52:28\n    at file:///Users/jeremywatt/Desktop/stairway-sprint/node_modules/@vitest/runner/dist/chunk-hooks.js:155:11\n    at file:///Users/jeremywatt/Desktop/stairway-sprint/node_modules/@vitest/runner/dist/chunk-hooks.js:1897:20\n    at new Promise (<anonymous>)\n    at runWithTimeout (file:///Users/jeremywatt/Desktop/stairway-sprint/node_modules/@vitest/runner/dist/chunk-hooks.js:1863:10)\n    at runHook (file:///Users/jeremywatt/Desktop/stairway-sprint/node_modules/@vitest/runner/dist/chunk-hooks.js:1436:51)\n    at callSuiteHook (file:///Users/jeremywatt/Desktop/stairway-sprint/node_modules/@vitest/runner/dist/chunk-hooks.js:1442:25)\n    at processTicksAndRejections (node:internal/process/task_queues:105:5)"],"meta":{}},{"ancestorTitles":["UIManager","create"],"fullName":"UIManager create should set up resize handler","status":"failed","title":"should set up resize handler","duration":4.53058400000009,"failureMessages":["TypeError: Cannot read properties of undefined (reading 'keyboard')\n    at AccessibilityManager.setupKeyboardListeners (/Users/jeremywatt/Desktop/stairway-sprint/src/managers/AccessibilityManager.ts:203:27)\n    at new AccessibilityManager (/Users/jeremywatt/Desktop/stairway-sprint/src/managers/AccessibilityManager.ts:49:10)\n    at /Users/jeremywatt/Desktop/stairway-sprint/src/ui/__tests__/UIManager.test.ts:52:28\n    at file:///Users/jeremywatt/Desktop/stairway-sprint/node_modules/@vitest/runner/dist/chunk-hooks.js:155:11\n    at file:///Users/jeremywatt/Desktop/stairway-sprint/node_modules/@vitest/runner/dist/chunk-hooks.js:1897:20\n    at new Promise (<anonymous>)\n    at runWithTimeout (file:///Users/jeremywatt/Desktop/stairway-sprint/node_modules/@vitest/runner/dist/chunk-hooks.js:1863:10)\n    at runHook (file:///Users/jeremywatt/Desktop/stairway-sprint/node_modules/@vitest/runner/dist/chunk-hooks.js:1436:51)\n    at callSuiteHook (file:///Users/jeremywatt/Desktop/stairway-sprint/node_modules/@vitest/runner/dist/chunk-hooks.js:1442:25)\n    at processTicksAndRejections (node:internal/process/task_queues:105:5)"],"meta":{}},{"ancestorTitles":["UIManager","timer functionality"],"fullName":"UIManager timer functionality should start timer","status":"failed","title":"should start timer","duration":5.0768339999999625,"failureMessages":["TypeError: Cannot read properties of undefined (reading 'keyb
[...]
ine":249,"column":82}},"251":{"start":{"line":252,"column":0},"end":{"line":252,"column":41}},"252":{"start":{"line":253,"column":0},"end":{"line":253,"column":31}},"253":{"start":{"line":254,"column":0},"end":{"line":254,"column":26}},"254":{"start":{"line":255,"column":0},"end":{"line":255,"column":9}},"255":{"start":{"line":256,"column":0},"end":{"line":256,"column":12}},"257":{"start":{"line":258,"column":0},"end":{"line":258,"column":41}},"258":{"start":{"line":259,"column":0},"end":{"line":259,"column":108}},"259":{"start":{"line":260,"column":0},"end":{"line":260,"column":32}},"260":{"start":{"line":261,"column":0},"end":{"line":261,"column":14}},"261":{"start":{"line":262,"column":0},"end":{"line":262,"column":36}},"262":{"start":{"line":263,"column":0},"end":{"line":263,"column":7}},"263":{"start":{"line":264,"column":0},"end":{"line":264,"column":5}},"264":{"start":{"line":265,"column":0},"end":{"line":265,"column":3}},"266":{"start":{"line":267,"column":0},"end":{"line":267,"column":36}},"267":{"start":{"line":268,"column":0},"end":{"line":268,"column":59}},"268":{"start":{"line":269,"column":0},"end":{"line":269,"column":55}},"269":{"start":{"line":270,"column":0},"end":{"line":270,"column":59}},"270":{"start":{"line":271,"column":0},"end":{"line":271,"column":72}},"271":{"start":{"line":272,"column":0},"end":{"line":272,"column":3}},"273":{"start":{"line":274,"column":0},"end":{"line":274,"column":40}},"275":{"start":{"line":276,"column":0},"end":{"line":276,"column":44}},"276":{"start":{"line":277,"column":0},"end":{"line":277,"column":59}},"277":{"start":{"line":278,"column":0},"end":{"line":278,"column":40}},"278":{"start":{"line":279,"column":0},"end":{"line":279,"column":7}},"279":{"start":{"line":280,"column":0},"end":{"line":280,"column":3}},"281":{"start":{"line":282,"column":0},"end":{"line":282,"column":18}},"283":{"start":{"line":284,"column":0},"end":{"line":284,"column":51}},"284":{"start":{"line":285,"column":0},"end":{"line":285,"column":3}},"285":{"start":{"line":286,"column":0},"end":{"line":286,"column":1}}},"s":{"0":0,"12":0,"19":0,"20":0,"21":0,"23":0,"24":0,"25":0,"27":0,"29":0,"30":0,"31":0,"33":0,"34":0,"35":0,"36":0,"37":0,"39":0,"40":0,"43":0,"46":0,"47":0,"48":0,"49":0,"50":0,"53":0,"54":0,"55":0,"56":0,"57":0,"58":0,"59":0,"60":0,"61":0,"62":0,"63":0,"66":0,"69":0,"70":0,"71":0,"72":0,"75":0,"76":0,"77":0,"78":0,"79":0,"82":0,"83":0,"84":0,"85":0,"86":0,"88":0,"89":0,"90":0,"91":0,"92":0,"93":0,"95":0,"97":0,"100":0,"101":0,"102":0,"103":0,"104":0,"105":0,"106":0,"107":0,"108":0,"111":0,"112":0,"113":0,"114":0,"115":0,"116":0,"117":0,"118":0,"119":0,"120":0,"122":0,"123":0,"124":0,"126":0,"127":0,"128":0,"130":0,"131":0,"132":0,"133":0,"134":0,"135":0,"137":0,"138":0,"139":0,"140":0,"142":0,"144":0,"147":0,"148":0,"149":0,"150":0,"151":0,"152":0,"153":0,"154":0,"155":0,"156":0,"157":0,"158":0,"159":0,"160":0,"161":0,"162":0,"163":0,"164":0,"165":0,"166":0,"167":0,"168":0,"169":0,"170":0,"171":0,"172":0,"173":0,"174":0,"175":0,"176":0,"177":0,"178":0,"179":0,"180":0,"181":0,"182":0,"183":0,"184":0,"185":0,"186":0,"187":0,"188":0,"189":0,"190":0,"191":0,"192":0,"193":0,"194":0,"195":0,"196":0,"197":0,"198":0,"199":0,"200":0,"201":0,"202":0,"203":0,"204":0,"205":0,"206":0,"207":0,"208":0,"209":0,"210":0,"211":0,"212":0,"213":0,"214":0,"215":0,"216":0,"217":0,"218":0,"219":0,"220":0,"223":0,"224":0,"225":0,"226":0,"227":0,"228":0,"229":0,"230":0,"231":0,"232":0,"233":0,"234":0,"235":0,"236":0,"237":0,"238":0,"239":0,"240":0,"241":0,"243":0,"244":0,"246":0,"247":0,"248":0,"251":0,"252":0,"253":0,"254":0,"255":0,"257":0,"258":0,"259":0,"260":0,"261":0,"262":0,"263":0,"264":0,"266":0,"267":0,"268":0,"269":0,"270":0,"271":0,"273":0,"275":0,"276":0,"277":0,"278":0,"279":0,"281":0,"283":0,"284":0,"285":0},"branchMap":{"0":{"type":"branch","line":1,"loc":{"start":{"line":1,"column":9392},"end":{"line":286,"column":1}},"locations":[{"start":{"line":1,"column":9392},"end":{"line":286,"column":1}}]}},"b":{"0":[0]},"fnMap":{"0":{"name":"(empty-report)","decl":{"start":{"line":1,"column":9392},"end":{"line":286,"column":1}},"loc":{"start":{"line":1,"column":9392},"end":{"line":286,"column":1}},"line":1}},"f":{"0":0}},"/Users/jeremywatt/Desktop/stairway-sprint/src/managers/DebugVisualizer.ts":{"path":"/Users/jeremywatt/Desktop/stairway-sprint/src/managers/DebugVisualizer.ts","all":true,"statementMap":{"4":{"start":{"line":5,"column":0},"end":{"line":5,"column":30}},"9":{"start":{"line":10,"column":0},"end":{"line":10,"column":35}},"17":{"start":{"line":18,"column":0},"end":{"line":18,"column":29}},"18":{"start":{"line":19,"column":0},"end":{"line":19,"column":28}},"19":{"start":{"line":20,"column":0},"end":{"line":20,"column":28}},"20":{"start":{"line":21,"column":0},"end":{"line":21,"column":25}},"21":{"start":{"line":22,"column":0},"end":{"line":22,"column":30}},"22":{"start":{"line":23,"column":0},"end":{"line":23,"column":28}},"23":{"start":{"line":24,"column":0},"end":{"line":24,"column":27}},"24":{"start":{"line":25,"column":0},"end":{"line":25,"column":4}},"26":{"start":{"line":27,"column":0},"end":{"line":27,"column":14}},"27":{"start":{"line":28,"column":0},"end":{"line":28,"column":24}},"28":{"start":{"line":29,"column":0},"end":{"line":29,"column":39}},"29":{"start":{"line":30,"column":0},"end":{"line":30,"column":28}},"30":{"start":{"line":31,"column":0},"end":{"line":31,"column":5}},"31":{"start":{"line":32,"column":0},"end":{"line":32,"column":23}},"32":{"start":{"line":33,"column":0},"end":{"line":33,"column":45}},"33":{"start":{"line":34,"column":0},"end":{"line":34,"column":35}},"36":{"start":{"line":37,"column":0},"end":{"line":37,"column":46}},"37":{"start":{"line":38,"column":0},"end":{"line":38,"column":62}},"39":{"start":{"line":40,"column":0},"end":{"line":40,"column":28}},"40":{"start":{"line":41,"column":0},"end":{"line":41,"column":3}},"42":{"start":{"line":43,"column":0},"end":{"line":43,"column":36}},"43":{"start":{"line":44,"column":0},"end":{"line":44,"column":46}},"46":{"start":{"line":47,"column":0},"end":{"line":47,"column":67}},"47":{"start":{"line":48,"column":0},"end":{"line":48,"column":23}},"48":{"start":{"line":49,"column":0},"end":{"line":49,"column":23}},"49":{"start":{"line":50,"column":0},"end":{"line":50,"column":33}},"50":{"start":{"line":51,"column":0},"end":{"line":51,"column":29}},"51":{"start":{"line":52,"column":0},"end":{"line":52,"column":7}},"52":{"start":{"line":53,"column":0},"end":{"line":53,"column":32}},"53":{"start":{"line":54,"column":0},"end":{"line":54,"column":35}},"56":{"start":{"line":57,"column":0},"end":{"line":57,"column":69}},"57":{"start":{"line":58,"column":0},"end":{"line":58,"column":23}},"58":{"start":{"line":59,"column":0},"end":{"line":59,"column":23}},"59":{"start":{"line":60,"column":0},"end":{"line":60,"column":33}},"60":{"start":{"line":61,"column":0},"end":{"line":61,"column":29}},"61":{"start":{"line":62,"column":0},"end":{"line":62,"column":7}},"62":{"start":{"line":63,"column":0},"end":{"line":63,"column":40}},"63":{"start":{"line":64,"column":0},"end":{"line":64,"column":43}},"66":{"start":{"line":67,"column":0},"end":{"line":67,"column":70}},"67":{"start":{"line":68,"column":0},"end":{"line":68,"column":23}},"68":{"start":{"line":69,"column":0},"end":{"line":69,"column":23}},"69":{"start":{"line":70,"column":0},"end":{"line":70,"column":33}},"70":{"start":{"line":71,"column":0},"end":{"line":71,"column":29}},"71":{"start":{"line":72,"column":0},"end":{"line":72,"column":7}},"72":{"start":{"line":73,"column":0},"end":{"line":73,"column":40}},"73":{"start":{"line":74,"column":0},"end":{"line":74,"column":43}},"74":{"start":{"line":75,"column":0},"end":{"line":75,"column":3}},"76":{"start":{"line":77,"column":0},"end":{"line":77,"column":25}},"77":{"start":{"line":78,"column":0},"end":{"line":78,"column":33}},"79":{"start":{"line":80,"column":0},"end":{"line":80,"column":24}},"80":{"start":{"line":81,"column":0},"end":{"line":81,"column":28}},"81":{"start":{"line":82,"column":0},"end":{"line":82,"column":28}},"82":{"start":{"line":83,"column":0},"end":{"line":83,"column":12}},"83":{"start":{"line":84,"column":0},"end":{"line":84,"column":28}},"84":{"start":{"line":85,"column":0},"end":{"line":85,"column":5}},"85":{"start":{"line":86,"column":0},"end":{"line":86,"column":3}},"87":{"start":{"line":88,"column":0},"end":{"line":88,"column":31}},"88":{"start":{"line":89,"column":0},"end":{"line":89,"column":24}},"89":{"start":{"line":90,"column":0},"end":{"line":90,"column":3}},"91":{"start":{"line":92,"column":0},"end":{"line":92,"column":34}},"92":{"start":{"line":93,"column":0},"end":{"line":93,"column":52}},"93":{"start":{"line":94,"column":0},"end":{"line":94,"column":68}},"94":{"start":{"line":95,"column":0},"end":{"line":95,"column":68}},"95":{"start":{"line":96,"column":0},"end":{"line":96,"column":3}},"97":{"start":{"line":98,"column":0},"end":{"line":98,"column":34}},"98":{"start":{"line":99,"column":0},"end":{"line":99,"column":53}},"99":{"start":{"line":100,"column":0},"end":{"line":100,"column":69}},"100":{"start":{"line":101,"column":0},"end":{"line":101,"column":69}},"101":{"start":{"line":102,"column":0},"end":{"line":102,"column":3}},"103":{"start":{"line":104,"column":0},"end":{"line":104,"column":27}},"109":{"start":{"line":110,"column":0},"end":{"line":110,"column":12}},"110":{"start":{"line":111,"column":0},"end":{"line":111,"column":30}},"113":{"start":{"line":114,"column":0},"end":{"line":114,"column":26}},"116":{"start":{"line":117,"column":0},"end":{"line":117,"column":30}},"119":{"start":{"line":120,"column":0},"end":{"line":120,"column":30}},"122":{"start":{"line":123,"column":0},"end":{"line":123,"column":35}},"125":{"start":{"line":126,"column":0},"end":{"line":126,"column":42}},"128":{"start":{"line":129,"column":0},"end":{"line":129,"column":21}},"129":{"start":{"line":130,"column":0},"end":{"line":130,"column":3}},"131":{"start":{"line":132,"column":0},"end":{"line":132,"column":38}},"132":{"start":{"line":133,"column":0},"end":{"line":133,"column":47}},"133":{"start":{"line":134,"column":0},"end":{"line":134,"column":63}},"136":{"start":{"line":137,"column":0},"end":{"line":137,"column":64}},"137":{"start":{"line":138,"column":0},"end":{"line":138,"column":52}},"138":{"start":{"line":139,"column":0},"end":{"line":139,"column":32}},"139":{"start":{"line":140,"column":0},"end":{"line":140,"column":33}},"140":{"start":{"line":141,"column":0},"end":{"line":141,"column":38}},"141":{"start":{"line":142,"column":0},"end":{"line":142,"column":33}},"142":{"start":{"line":143,"column":0},"end":{"line":143,"column":5}},"143":{"start":{"line":144,"column":0},"end":{"line":144,"column":3}},"145":{"start":{"line":146,"column":0},"end":{"line":146,"column":38}},"146":{"start":{"line":147,"column":0},"end":{"line":147,"column":54}},"147":{"start":{"line":148,"column":0},"end":{"line":148,"column":63}},"149":{"start":{"line":150,"column":0},"end":{"line":150,"column":63}},"152":{"start":{"line":153,"column":0},"end":{"line":153,"column":33}},"153":{"start":{"line":154,"column":0},"end":{"line":154,"column":31}},"154":{"start":{"line":155,"column":0},"end":{"line":155,"column":32}},"155":{"start":{"line":156,"column":0},"end":{"line":156,"column":33}},"156":{"start":{"line":157,"column":0},"end":{"line":157,"column":37}},"157":{"start":{"line":158,"column":0},"end":{"line":158,"column":33}},"158":{"start":{"line":159,"column":0},"end":{"line":159,"column":5}},"159":{"start":{"line":160,"column":0},"end":{"line":160,"column":3}},"161":{"start":{"line":162,"column":0},"end":{"line":162,"column":37}},"167":{"start":{"line":168,"column":0},"end":{"line":168,"column":12}},"169":{"start":{"line":170,"column":0},"end":{"line":170,"column":52}},"170":{"start":{"line":171,"column":0},"end":{"line":171,"column":72}},"171":{"start":{"line":172,"column":0},"end":{"line":172,"column":5}},"174":{"start":{"line":175,"column":0},"end":{"line":175,"column":25}},"175":{"start":{"line":176,"column":0},"end":{"line":176,"column":28}},"176":{"start":{"line":177,"column":0},"end":{"line":177,"column":26}},"177":{"start":{"line":178,"column":0},"end":{"line":178,"column":23}},"178":{"start":{"line":179,"column":0},"end":{"line":179,"column":27}},"179":{"start":{"line":180,"column":0},"end":{"line":180,"column":6}},"181":{"start":{"line":182,"column":0},"end":{"line":182,"column":35}},"182":{"start":{"line":183,"column":0},"end":{"line":183,"column":35}},"183":{"start":{"line":184,"column":0},"end":{"line":184,"column":33}},"185":{"start":{"line":186,"column":0},"end":{"line":186,"column":61}},"186":{"start":{"line":187,"column":0},"end":{"line":187,"column":40}},"187":{"start":{"line":188,"column":0},"end":{"line":188,"column":36}},"188":{"start":{"line":189,"column":0},"end":{"line":189,"column":38}},"190":{"start":{"line":191,"column":0},"end":{"line":191,"column":46}},"191":{"start":{"line":192,"column":0},"end":{"line":192,"column":7}},"192":{"start":{"line":193,"column":0},"end":{"line":193,"column":3}},"194":{"start":{"line":195,"column":0},"end":{"line":195,"column":81}},"195":{"start":{"line":196,"column":0},"end":{"line":196,"column":59}},"196":{"start":{"line":197,"column":0},"end":{"line":197,"column":22}},"198":{"start":{"line":199,"column":0},"end":{"line":199,"column":51}},"199":{"start":{"line":200,"column":0},"end":{"line":200,"column":29}},"200":{"start":{"line":201,"column":0},"end":{"line":201,"column":13}},"201":{"start":{"line":202,"column":0},"end":{"line":202,"column":13}},"202":{"start":{"line":203,"column":0},"end":{"line":203,"column":17}},"203":{"start":{"line":204,"column":0},"end":{"line":204,"column":17}},"204":{"start":{"line":205,"column":0},"end":{"line":205,"column":6}},"207":{"start":{"line":208,"column":0},"end":{"line":208,"column":38}},"208":{"start":{"line":209,"column":0},"end":{"line":209,"column":52}},"211":{"start":{"line":212,"column":0},"end":{"line":212,"column":32}},"212":{"start":{"line":213,"column":0},"end":{"line":213,"column":43}},"213":{"start":{"line":214,"column":0},"end":{"line":214,"column":42}},"214":{"start":{"line":215,"column":0},"end":{"line":215,"column":69}},"215":{"start":{"line":216,"column":0},"end":{"line":216,"column":25}},"216":{"start":{"line":217,"column":0},"end":{"line":217,"column":24}},"217":{"start":{"line":218,"column":0},"end":{"line":218,"column":24}},"218":{"start":{"line":219,"column":0},"end":{"line":219,"column":5}},"219":{"start":{"line":220,"column":0},"end":{"line":220,"column":3}},"221":{"start":{"line":222,"column":0},"end":{"line":222,"column":55}},"222":{"start":{"line":223,"column":0},"end":{"line":223,"column":38}},"224":{"start":{"line":225,"column":0},"end":{"line":225,"column":60}},"225":{"start":{"line":226,"column":0},"end":{"line":226,"column":26}},"226":{"start":{"line":227,"column":0},"end":{"line":227,"column":33}},"227":{"start":{"line":228,"column":0},"end":{"line":228,"column":31}},"228":{"start":{"line":229,"column":0},"end":{"line":229,"column":28}},"229":{"start":{"line":230,"column":0},"end":{"line":230,"column":32}},"231":{"start":{"line":232,"column":0},"end":{"line":232,"column":28}},"232":{"start":{"line":233,"column":0},"end":{"line":233,"column":28}},"233":{"start":{"line":234,"column":0},"end":{"line":234,"column":26}},"234":{"start":{"line":235,"column":0},"end":{"line":235,"column":23}},"235":{"start":{"line":236,"column":0},"end":{"line":236,"column":27}},"236":{"start":{"line":237,"column":0},"end":{"line":237,"column":26}},"237":{"start":{"line":238,"column":0},"end":{"line":238,"column":56}},"238":{"start":{"line":239,"column":0},"end":{"line":239,"column":45}},"239":{"start":{"line":240,"column":0},"end":{"line":240,"column":14}},"241":{"start":{"line":242,"column":0},"end":{"line":242,"column":34}},"242":{"start":{"line":243,"column":0},"end":{"line":243,"column":46}},"243":{"start":{"line":244,"column":0},"end":{"line":244,"column":62}},"244":{"start":{"line":245,"column":0},"end":{"line":245,"column":45}},"245":{"start":{"line":246,"column":0},"end":{"line":246,"column":52}},"246":{"start":{"line":247,"column":0},"end":{"line":247,"column":7}},"248":{"start":{"line":249,"column":0},"end":{"line":249,"column":31}},"249":{"start":{"line":250,"column":0},"end":{"line":250,"column":36}},"250":{"start":{"line":251,"column":0},"end":{"line":251,"column":43}},"251":{"start":{"line":252,"column":0},"end":{"line":252,"column":44}},"252":{"start":{"line":253,"column":0},"end":{"line":253,"column":61}},"253":{"start":{"line":254,"column":0},"end":{"line":254,"column":9}},"254":{"start":{"line":255,"column":0},"end":{"line":255,"column":5}},"255":{"start":{"line":256,"column":0},"end":{"line":256,"column":3}},"257":{"start":{"line":258,"column":0},"end":{"line":258,"column":29}},"258":{"start":{"line":259,"column":0},"end":{"line":259,"column":50}},"260":{"start":{"line":261,"column":0},"end":{"line":261,"column":47}},"261":{"start":{"line":262,"column":0},"end":{"line":262,"column":52}},"264":{"start":{"line":265,"column":0},"end":{"line":265,"column":20}},"265":{"start":{"line":266,"column":0},"end":{"line":266,"column":48}},"266":{"start":{"line":267,"column":0},"end":{"line":267,"column":27}},"267":{"start":{"line":268,"column":0},"end":{"line":268,"column":49}},"268":{"start":{"line":269,"column":0},"end":{"line":269,"column":12}},"269":{"start":{"line":270,"column":0},"end":{"line":270,"column":46}},"270":{"start":{"line":271,"column":0},"end":{"line":271,"column":5}},"271":{"start":{"line":272,"column":0},"end":{"line":272,"column":3}},"273":{"start":{"line":274,"column":0},"end":{"line":274,"column":26}},"274":{"start":{"line":275,"column":0},"end":{"line":275,"column":28}},"275":{"start":{"line":276,"column":0},"end":{"line":276,"column":45}},"276":{"start":{"line":277,"column":0},"end":{"line":277,"column":61}},"277":{"start":{"line":278,"column":0},"end":{"line":278,"column":61}},"278":{"start":{"line":279,"column":0},"end":{"line":279,"column":3}},"279":{"start":{"line":280,"column":0},"end":{"line":280,"column":1}}},"s":{"4":0,"9":0,"17":0,"18":0,"19":0,"20":0,"21":0,"22":0,"23":0,"24":0,"26":0,"27":0,"28":0,"29":0,"30":0,"31":0,"32":0,"33":0,"36":0,"37":0,"39":0,"40":0,"42":0,"43":0,"46":0,"47":0,"48":0,"49":0,"50":0,"51":0,"52":0,"53":0,"56":0,"57":0,"58":0,"59":0,"60":0,"61":0,"62":0,"63":0,"66":0,"67":0,"68":0,"69":0,"70":0,"71":0,"72":0,"73":0,"74":0,"76":0,"77":0,"79":0,"80":0,"81":0,"82":0,"83":0,"84":0,"85":0,"87":0,"88":0,"89":0,"91":0,"92":0,"93":0,"94":0,"95":0,"97":0,"98":0,"99":0,"100":0,"101":0,"103":0,"109":0,"110":0,"113":0,"116":0,"119":0,"122":0,"125":0,"128":0,"129":0,"131":0,"132":0,"133":0,"136":0,"137":0,"138":0,"139":0,"140":0,"141":0,"142":0,"143":0,"145":0,"146":0,"147":0,"149":0,"152":0,"153":0,"154":0,"155":0,"156":0,"157":0,"158":0,"159":0,"161":0,"167":0,"169":0,"170":0,"171":0,"174":0,"175":0,"176":0,"177":0,"178":0,"179":0,"181":0,"182":0,"183":0,"185":0,"186":0,"187":0,"188":0,"190":0,"191":0,"192":0,"194":0,"195":0,"196":0,"198":0,"199":0,"200":0,"201":0,"202":0,"203":0,"204":0,"207":0,"208":0,"211":0,"212":0,"213":0,"214":0,"215":0,"216":0,"217":0,"218":0,"219":0,"221":0,"222":0,"224":0,"225":0,"226":0,"227":0,"228":0,"229":0,"231":0,"232":0,"233":0,"234":0,"235":0,"236":0,"237":0,"238":0,"239":0,"241":0,"242":0,"243":0,"244":0,"245":0,"246":0,"248":0,"249":0,"250":0,"251":0,"252":0,"253":0,"254":0,"255":0,"257":0,"258":0,"260":0,"261":0,"264":0,"265":0,"266":0,"267":0,"268":0,"269":0,"270":0,"271":0,"273":0,"274":0,"275":0,"276":0,"277":0,"278":0,"279":0},"branchMap":{"0":{"type":"branch","line":1,"loc":{"start":{"line":1,"column":8068},"end":{"line":280,"column":1}},"locations":[{"start":{"line":1,"column":8068},"end":{"line":280,"column":1}}]}},"b":{"0":[1]},"fnMap":{"0":{"name":"(empty-report)","decl":{"start":{"line":1,"column":8068},"end":{"line":280,"column":1}},"loc":{"start":{"line":1,"column":8068},"end":{"line":280,"column":1}},"line":1}},"f":{"0":1}}}}